[2025-10-26 09:15:43] local.ERROR: Target class [ReviewController] does not exist. {"userId":1,"exception":"[object] (Illuminate\\Contracts\\Container\\BindingResolutionException(code: 0): Target class [ReviewController] does not exist. at /Applications/XAMPP/xamppfiles/htdocs/ChuyenDeWeb1/Lab2/php-docker-dev/source/TDC_Sharing/backend/vendor/laravel/framework/src/Illuminate/Container/Container.php:1163)
[stacktrace]
#0 /Applications/XAMPP/xamppfiles/htdocs/ChuyenDeWeb1/Lab2/php-docker-dev/source/TDC_Sharing/backend/vendor/laravel/framework/src/Illuminate/Container/Container.php(972): Illuminate\\Container\\Container->build('ReviewControlle...')
#1 /Applications/XAMPP/xamppfiles/htdocs/ChuyenDeWeb1/Lab2/php-docker-dev/source/TDC_Sharing/backend/vendor/laravel/framework/src/Illuminate/Foundation/Application.php(1078): Illuminate\\Container\\Container->resolve('ReviewControlle...', Array, true)
#2 /Applications/XAMPP/xamppfiles/htdocs/ChuyenDeWeb1/Lab2/php-docker-dev/source/TDC_Sharing/backend/vendor/laravel/framework/src/Illuminate/Container/Container.php(903): Illuminate\\Foundation\\Application->resolve('ReviewControlle...', Array)
#3 /Applications/XAMPP/xamppfiles/htdocs/ChuyenDeWeb1/Lab2/php-docker-dev/source/TDC_Sharing/backend/vendor/laravel/framework/src/Illuminate/Foundation/Application.php(1058): Illuminate\\Container\\Container->make('ReviewControlle...', Array)
#4 /Applications/XAMPP/xamppfiles/htdocs/ChuyenDeWeb1/Lab2/php-docker-dev/source/TDC_Sharing/backend/vendor/laravel/framework/src/Illuminate/Routing/Route.php(286): Illuminate\\Foundation\\Application->make('ReviewControlle...')
#5 /Applications/XAMPP/xamppfiles/htdocs/ChuyenDeWeb1/Lab2/php-docker-dev/source/TDC_Sharing/backend/vendor/laravel/framework/src/Illuminate/Routing/Route.php(266): Illuminate\\Routing\\Route->getController()
#6 /Applications/XAMPP/xamppfiles/htdocs/ChuyenDeWeb1/Lab2/php-docker-dev/source/TDC_Sharing/backend/vendor/laravel/framework/src/Illuminate/Routing/Route.php(211): Illuminate\\Routing\\Route->runController()
#7 /Applications/XAMPP/xamppfiles/htdocs/ChuyenDeWeb1/Lab2/php-docker-dev/source/TDC_Sharing/backend/vendor/laravel/framework/src/Illuminate/Routing/Router.php(822): Illuminate\\Routing\\Route->run()
#8 /Applications/XAMPP/xamppfiles/htdocs/ChuyenDeWeb1/Lab2/php-docker-dev/source/TDC_Sharing/backend/vendor/laravel/framework/src/Illuminate/Pipeline/Pipeline.php(180): Illuminate\\Routing\\Router->Illuminate\\Routing\\{closure}(Object(Illuminate\\Http\\Request))
#9 /Applications/XAMPP/xamppfiles/htdocs/ChuyenDeWeb1/Lab2/php-docker-dev/source/TDC_Sharing/backend/vendor/laravel/framework/src/Illuminate/Routing/Middleware/SubstituteBindings.php(50): Illuminate\\Pipeline\\Pipeline->Illuminate\\Pipeline\\{closure}(Object(Illuminate\\Http\\Request))
#10 /Applications/XAMPP/xamppfiles/htdocs/ChuyenDeWeb1/Lab2/php-docker-dev/source/TDC_Sharing/backend/vendor/laravel/framework/src/Illuminate/Pipeline/Pipeline.php(219): Illuminate\\Routing\\Middleware\\SubstituteBindings->handle(Object(Illuminate\\Http\\Request), Object(Closure))
#11 /Applications/XAMPP/xamppfiles/htdocs/ChuyenDeWeb1/Lab2/php-docker-dev/source/TDC_Sharing/backend/vendor/laravel/framework/src/Illuminate/Auth/Middleware/Authenticate.php(63): Illuminate\\Pipeline\\Pipeline->Illuminate\\Pipeline\\{closure}(Object(Illuminate\\Http\\Request))
#12 /Applications/XAMPP/xamppfiles/htdocs/ChuyenDeWeb1/Lab2/php-docker-dev/source/TDC_Sharing/backend/vendor/laravel/framework/src/Illuminate/Pipeline/Pipeline.php(219): Illuminate\\Auth\\Middleware\\Authenticate->handle(Object(Illuminate\\Http\\Request), Object(Closure), 'sanctum')
#13 /Applications/XAMPP/xamppfiles/htdocs/ChuyenDeWeb1/Lab2/php-docker-dev/source/TDC_Sharing/backend/vendor/laravel/framework/src/Illuminate/Pipeline/Pipeline.php(137): Illuminate\\Pipeline\\Pipeline->Illuminate\\Pipeline\\{closure}(Object(Illuminate\\Http\\Request))
#14 /Applications/XAMPP/xamppfiles/htdocs/ChuyenDeWeb1/Lab2/php-docker-dev/source/TDC_Sharing/backend/vendor/laravel/framework/src/Illuminate/Routing/Router.php(821): Illuminate\\Pipeline\\Pipeline->then(Object(Closure))
#15 /Applications/XAMPP/xamppfiles/htdocs/ChuyenDeWeb1/Lab2/php-docker-dev/source/TDC_Sharing/backend/vendor/laravel/framework/src/Illuminate/Routing/Router.php(800): Illuminate\\Routing\\Router->runRouteWithinStack(Object(Illuminate\\Routing\\Route), Object(Illuminate\\Http\\Request))
#16 /Applications/XAMPP/xamppfiles/htdocs/ChuyenDeWeb1/Lab2/php-docker-dev/source/TDC_Sharing/backend/vendor/laravel/framework/src/Illuminate/Routing/Router.php(764): Illuminate\\Routing\\Router->runRoute(Object(Illuminate\\Http\\Request), Object(Illuminate\\Routing\\Route))
#17 /Applications/XAMPP/xamppfiles/htdocs/ChuyenDeWeb1/Lab2/php-docker-dev/source/TDC_Sharing/backend/vendor/laravel/framework/src/Illuminate/Routing/Router.php(753): Illuminate\\Routing\\Router->dispatchToRoute(Object(Illuminate\\Http\\Request))
#18 /Applications/XAMPP/xamppfiles/htdocs/ChuyenDeWeb1/Lab2/php-docker-dev/source/TDC_Sharing/backend/vendor/laravel/framework/src/Illuminate/Foundation/Http/Kernel.php(200): Illuminate\\Routing\\Router->dispatch(Object(Illuminate\\Http\\Request))
#19 /Applications/XAMPP/xamppfiles/htdocs/ChuyenDeWeb1/Lab2/php-docker-dev/source/TDC_Sharing/backend/vendor/laravel/framework/src/Illuminate/Pipeline/Pipeline.php(180): Illuminate\\Foundation\\Http\\Kernel->Illuminate\\Foundation\\Http\\{closure}(Object(Illuminate\\Http\\Request))
#20 /Applications/XAMPP/xamppfiles/htdocs/ChuyenDeWeb1/Lab2/php-docker-dev/source/TDC_Sharing/backend/vendor/laravel/framework/src/Illuminate/Foundation/Http/Middleware/TransformsRequest.php(21): Illuminate\\Pipeline\\Pipeline->Illuminate\\Pipeline\\{closure}(Object(Illuminate\\Http\\Request))
#21 /Applications/XAMPP/xamppfiles/htdocs/ChuyenDeWeb1/Lab2/php-docker-dev/source/TDC_Sharing/backend/vendor/laravel/framework/src/Illuminate/Foundation/Http/Middleware/ConvertEmptyStringsToNull.php(31): Illuminate\\Foundation\\Http\\Middleware\\TransformsRequest->handle(Object(Illuminate\\Http\\Request), Object(Closure))
#22 /Applications/XAMPP/xamppfiles/htdocs/ChuyenDeWeb1/Lab2/php-docker-dev/source/TDC_Sharing/backend/vendor/laravel/framework/src/Illuminate/Pipeline/Pipeline.php(219): Illuminate\\Foundation\\Http\\Middleware\\ConvertEmptyStringsToNull->handle(Object(Illuminate\\Http\\Request), Object(Closure))
#23 /Applications/XAMPP/xamppfiles/htdocs/ChuyenDeWeb1/Lab2/php-docker-dev/source/TDC_Sharing/backend/vendor/laravel/framework/src/Illuminate/Foundation/Http/Middleware/TransformsRequest.php(21): Illuminate\\Pipeline\\Pipeline->Illuminate\\Pipeline\\{closure}(Object(Illuminate\\Http\\Request))
#24 /Applications/XAMPP/xamppfiles/htdocs/ChuyenDeWeb1/Lab2/php-docker-dev/source/TDC_Sharing/backend/vendor/laravel/framework/src/Illuminate/Foundation/Http/Middleware/TrimStrings.php(51): Illuminate\\Foundation\\Http\\Middleware\\TransformsRequest->handle(Object(Illuminate\\Http\\Request), Object(Closure))
#25 /Applications/XAMPP/xamppfiles/htdocs/ChuyenDeWeb1/Lab2/php-docker-dev/source/TDC_Sharing/backend/vendor/laravel/framework/src/Illuminate/Pipeline/Pipeline.php(219): Illuminate\\Foundation\\Http\\Middleware\\TrimStrings->handle(Object(Illuminate\\Http\\Request), Object(Closure))
#26 /Applications/XAMPP/xamppfiles/htdocs/ChuyenDeWeb1/Lab2/php-docker-dev/source/TDC_Sharing/backend/vendor/laravel/framework/src/Illuminate/Http/Middleware/ValidatePostSize.php(27): Illuminate\\Pipeline\\Pipeline->Illuminate\\Pipeline\\{closure}(Object(Illuminate\\Http\\Request))
#27 /Applications/XAMPP/xamppfiles/htdocs/ChuyenDeWeb1/Lab2/php-docker-dev/source/TDC_Sharing/backend/vendor/laravel/framework/src/Illuminate/Pipeline/Pipeline.php(219): Illuminate\\Http\\Middleware\\ValidatePostSize->handle(Object(Illuminate\\Http\\Request), Object(Closure))
#28 /Applications/XAMPP/xamppfiles/htdocs/ChuyenDeWeb1/Lab2/php-docker-dev/source/TDC_Sharing/backend/vendor/laravel/framework/src/Illuminate/Foundation/Http/Middleware/PreventRequestsDuringMaintenance.php(109): Illuminate\\Pipeline\\Pipeline->Illuminate\\Pipeline\\{closure}(Object(Illuminate\\Http\\Request))
#29 /Applications/XAMPP/xamppfiles/htdocs/ChuyenDeWeb1/Lab2/php-docker-dev/source/TDC_Sharing/backend/vendor/laravel/framework/src/Illuminate/Pipeline/Pipeline.php(219): Illuminate\\Foundation\\Http\\Middleware\\PreventRequestsDuringMaintenance->handle(Object(Illuminate\\Http\\Request), Object(Closure))
#30 /Applications/XAMPP/xamppfiles/htdocs/ChuyenDeWeb1/Lab2/php-docker-dev/source/TDC_Sharing/backend/vendor/laravel/framework/src/Illuminate/Http/Middleware/HandleCors.php(61): Illuminate\\Pipeline\\Pipeline->Illuminate\\Pipeline\\{closure}(Object(Illuminate\\Http\\Request))
#31 /Applications/XAMPP/xamppfiles/htdocs/ChuyenDeWeb1/Lab2/php-docker-dev/source/TDC_Sharing/backend/vendor/laravel/framework/src/Illuminate/Pipeline/Pipeline.php(219): Illuminate\\Http\\Middleware\\HandleCors->handle(Object(Illuminate\\Http\\Request), Object(Closure))
#32 /Applications/XAMPP/xamppfiles/htdocs/ChuyenDeWeb1/Lab2/php-docker-dev/source/TDC_Sharing/backend/vendor/laravel/framework/src/Illuminate/Http/Middleware/TrustProxies.php(58): Illuminate\\Pipeline\\Pipeline->Illuminate\\Pipeline\\{closure}(Object(Illuminate\\Http\\Request))
#33 /Applications/XAMPP/xamppfiles/htdocs/ChuyenDeWeb1/Lab2/php-docker-dev/source/TDC_Sharing/backend/vendor/laravel/framework/src/Illuminate/Pipeline/Pipeline.php(219): Illuminate\\Http\\Middleware\\TrustProxies->handle(Object(Illuminate\\Http\\Request), Object(Closure))
#34 /Applications/XAMPP/xamppfiles/htdocs/ChuyenDeWeb1/Lab2/php-docker-dev/source/TDC_Sharing/backend/vendor/laravel/framework/src/Illuminate/Foundation/Http/Middleware/InvokeDeferredCallbacks.php(22): Illuminate\\Pipeline\\Pipeline->Illuminate\\Pipeline\\{closure}(Object(Illuminate\\Http\\Request))
#35 /Applications/XAMPP/xamppfiles/htdocs/ChuyenDeWeb1/Lab2/php-docker-dev/source/TDC_Sharing/backend/vendor/laravel/framework/src/Illuminate/Pipeline/Pipeline.php(219): Illuminate\\Foundation\\Http\\Middleware\\InvokeDeferredCallbacks->handle(Object(Illuminate\\Http\\Request), Object(Closure))
#36 /Applications/XAMPP/xamppfiles/htdocs/ChuyenDeWeb1/Lab2/php-docker-dev/source/TDC_Sharing/backend/vendor/laravel/framework/src/Illuminate/Http/Middleware/ValidatePathEncoding.php(26): Illuminate\\Pipeline\\Pipeline->Illuminate\\Pipeline\\{closure}(Object(Illuminate\\Http\\Request))
#37 /Applications/XAMPP/xamppfiles/htdocs/ChuyenDeWeb1/Lab2/php-docker-dev/source/TDC_Sharing/backend/vendor/laravel/framework/src/Illuminate/Pipeline/Pipeline.php(219): Illuminate\\Http\\Middleware\\ValidatePathEncoding->handle(Object(Illuminate\\Http\\Request), Object(Closure))
#38 /Applications/XAMPP/xamppfiles/htdocs/ChuyenDeWeb1/Lab2/php-docker-dev/source/TDC_Sharing/backend/vendor/laravel/framework/src/Illuminate/Pipeline/Pipeline.php(137): Illuminate\\Pipeline\\Pipeline->Illuminate\\Pipeline\\{closure}(Object(Illuminate\\Http\\Request))
#39 /Applications/XAMPP/xamppfiles/htdocs/ChuyenDeWeb1/Lab2/php-docker-dev/source/TDC_Sharing/backend/vendor/laravel/framework/src/Illuminate/Foundation/Http/Kernel.php(175): Illuminate\\Pipeline\\Pipeline->then(Object(Closure))
#40 /Applications/XAMPP/xamppfiles/htdocs/ChuyenDeWeb1/Lab2/php-docker-dev/source/TDC_Sharing/backend/vendor/laravel/framework/src/Illuminate/Foundation/Http/Kernel.php(144): Illuminate\\Foundation\\Http\\Kernel->sendRequestThroughRouter(Object(Illuminate\\Http\\Request))
#41 /Applications/XAMPP/xamppfiles/htdocs/ChuyenDeWeb1/Lab2/php-docker-dev/source/TDC_Sharing/backend/vendor/laravel/framework/src/Illuminate/Foundation/Application.php(1220): Illuminate\\Foundation\\Http\\Kernel->handle(Object(Illuminate\\Http\\Request))
#42 /Applications/XAMPP/xamppfiles/htdocs/ChuyenDeWeb1/Lab2/php-docker-dev/source/TDC_Sharing/backend/public/index.php(20): Illuminate\\Foundation\\Application->handleRequest(Object(Illuminate\\Http\\Request))
#43 /Applications/XAMPP/xamppfiles/htdocs/ChuyenDeWeb1/Lab2/php-docker-dev/source/TDC_Sharing/backend/vendor/laravel/framework/src/Illuminate/Foundation/resources/server.php(23): require_once('/Applications/X...')
#44 {main}

[previous exception] [object] (ReflectionException(code: -1): Class \"ReviewController\" does not exist at /Applications/XAMPP/xamppfiles/htdocs/ChuyenDeWeb1/Lab2/php-docker-dev/source/TDC_Sharing/backend/vendor/laravel/framework/src/Illuminate/Container/Container.php:1161)
[stacktrace]
#0 /Applications/XAMPP/xamppfiles/htdocs/ChuyenDeWeb1/Lab2/php-docker-dev/source/TDC_Sharing/backend/vendor/laravel/framework/src/Illuminate/Container/Container.php(1161): ReflectionClass->__construct('ReviewControlle...')
#1 /Applications/XAMPP/xamppfiles/htdocs/ChuyenDeWeb1/Lab2/php-docker-dev/source/TDC_Sharing/backend/vendor/laravel/framework/src/Illuminate/Container/Container.php(972): Illuminate\\Container\\Container->build('ReviewControlle...')
#2 /Applications/XAMPP/xamppfiles/htdocs/ChuyenDeWeb1/Lab2/php-docker-dev/source/TDC_Sharing/backend/vendor/laravel/framework/src/Illuminate/Foundation/Application.php(1078): Illuminate\\Container\\Container->resolve('ReviewControlle...', Array, true)
#3 /Applications/XAMPP/xamppfiles/htdocs/ChuyenDeWeb1/Lab2/php-docker-dev/source/TDC_Sharing/backend/vendor/laravel/framework/src/Illuminate/Container/Container.php(903): Illuminate\\Foundation\\Application->resolve('ReviewControlle...', Array)
#4 /Applications/XAMPP/xamppfiles/htdocs/ChuyenDeWeb1/Lab2/php-docker-dev/source/TDC_Sharing/backend/vendor/laravel/framework/src/Illuminate/Foundation/Application.php(1058): Illuminate\\Container\\Container->make('ReviewControlle...', Array)
#5 /Applications/XAMPP/xamppfiles/htdocs/ChuyenDeWeb1/Lab2/php-docker-dev/source/TDC_Sharing/backend/vendor/laravel/framework/src/Illuminate/Routing/Route.php(286): Illuminate\\Foundation\\Application->make('ReviewControlle...')
#6 /Applications/XAMPP/xamppfiles/htdocs/ChuyenDeWeb1/Lab2/php-docker-dev/source/TDC_Sharing/backend/vendor/laravel/framework/src/Illuminate/Routing/Route.php(266): Illuminate\\Routing\\Route->getController()
#7 /Applications/XAMPP/xamppfiles/htdocs/ChuyenDeWeb1/Lab2/php-docker-dev/source/TDC_Sharing/backend/vendor/laravel/framework/src/Illuminate/Routing/Route.php(211): Illuminate\\Routing\\Route->runController()
#8 /Applications/XAMPP/xamppfiles/htdocs/ChuyenDeWeb1/Lab2/php-docker-dev/source/TDC_Sharing/backend/vendor/laravel/framework/src/Illuminate/Routing/Router.php(822): Illuminate\\Routing\\Route->run()
#9 /Applications/XAMPP/xamppfiles/htdocs/ChuyenDeWeb1/Lab2/php-docker-dev/source/TDC_Sharing/backend/vendor/laravel/framework/src/Illuminate/Pipeline/Pipeline.php(180): Illuminate\\Routing\\Router->Illuminate\\Routing\\{closure}(Object(Illuminate\\Http\\Request))
#10 /Applications/XAMPP/xamppfiles/htdocs/ChuyenDeWeb1/Lab2/php-docker-dev/source/TDC_Sharing/backend/vendor/laravel/framework/src/Illuminate/Routing/Middleware/SubstituteBindings.php(50): Illuminate\\Pipeline\\Pipeline->Illuminate\\Pipeline\\{closure}(Object(Illuminate\\Http\\Request))
#11 /Applications/XAMPP/xamppfiles/htdocs/ChuyenDeWeb1/Lab2/php-docker-dev/source/TDC_Sharing/backend/vendor/laravel/framework/src/Illuminate/Pipeline/Pipeline.php(219): Illuminate\\Routing\\Middleware\\SubstituteBindings->handle(Object(Illuminate\\Http\\Request), Object(Closure))
#12 /Applications/XAMPP/xamppfiles/htdocs/ChuyenDeWeb1/Lab2/php-docker-dev/source/TDC_Sharing/backend/vendor/laravel/framework/src/Illuminate/Auth/Middleware/Authenticate.php(63): Illuminate\\Pipeline\\Pipeline->Illuminate\\Pipeline\\{closure}(Object(Illuminate\\Http\\Request))
#13 /Applications/XAMPP/xamppfiles/htdocs/ChuyenDeWeb1/Lab2/php-docker-dev/source/TDC_Sharing/backend/vendor/laravel/framework/src/Illuminate/Pipeline/Pipeline.php(219): Illuminate\\Auth\\Middleware\\Authenticate->handle(Object(Illuminate\\Http\\Request), Object(Closure), 'sanctum')
#14 /Applications/XAMPP/xamppfiles/htdocs/ChuyenDeWeb1/Lab2/php-docker-dev/source/TDC_Sharing/backend/vendor/laravel/framework/src/Illuminate/Pipeline/Pipeline.php(137): Illuminate\\Pipeline\\Pipeline->Illuminate\\Pipeline\\{closure}(Object(Illuminate\\Http\\Request))
#15 /Applications/XAMPP/xamppfiles/htdocs/ChuyenDeWeb1/Lab2/php-docker-dev/source/TDC_Sharing/backend/vendor/laravel/framework/src/Illuminate/Routing/Router.php(821): Illuminate\\Pipeline\\Pipeline->then(Object(Closure))
#16 /Applications/XAMPP/xamppfiles/htdocs/ChuyenDeWeb1/Lab2/php-docker-dev/source/TDC_Sharing/backend/vendor/laravel/framework/src/Illuminate/Routing/Router.php(800): Illuminate\\Routing\\Router->runRouteWithinStack(Object(Illuminate\\Routing\\Route), Object(Illuminate\\Http\\Request))
#17 /Applications/XAMPP/xamppfiles/htdocs/ChuyenDeWeb1/Lab2/php-docker-dev/source/TDC_Sharing/backend/vendor/laravel/framework/src/Illuminate/Routing/Router.php(764): Illuminate\\Routing\\Router->runRoute(Object(Illuminate\\Http\\Request), Object(Illuminate\\Routing\\Route))
#18 /Applications/XAMPP/xamppfiles/htdocs/ChuyenDeWeb1/Lab2/php-docker-dev/source/TDC_Sharing/backend/vendor/laravel/framework/src/Illuminate/Routing/Router.php(753): Illuminate\\Routing\\Router->dispatchToRoute(Object(Illuminate\\Http\\Request))
#19 /Applications/XAMPP/xamppfiles/htdocs/ChuyenDeWeb1/Lab2/php-docker-dev/source/TDC_Sharing/backend/vendor/laravel/framework/src/Illuminate/Foundation/Http/Kernel.php(200): Illuminate\\Routing\\Router->dispatch(Object(Illuminate\\Http\\Request))
#20 /Applications/XAMPP/xamppfiles/htdocs/ChuyenDeWeb1/Lab2/php-docker-dev/source/TDC_Sharing/backend/vendor/laravel/framework/src/Illuminate/Pipeline/Pipeline.php(180): Illuminate\\Foundation\\Http\\Kernel->Illuminate\\Foundation\\Http\\{closure}(Object(Illuminate\\Http\\Request))
#21 /Applications/XAMPP/xamppfiles/htdocs/ChuyenDeWeb1/Lab2/php-docker-dev/source/TDC_Sharing/backend/vendor/laravel/framework/src/Illuminate/Foundation/Http/Middleware/TransformsRequest.php(21): Illuminate\\Pipeline\\Pipeline->Illuminate\\Pipeline\\{closure}(Object(Illuminate\\Http\\Request))
#22 /Applications/XAMPP/xamppfiles/htdocs/ChuyenDeWeb1/Lab2/php-docker-dev/source/TDC_Sharing/backend/vendor/laravel/framework/src/Illuminate/Foundation/Http/Middleware/ConvertEmptyStringsToNull.php(31): Illuminate\\Foundation\\Http\\Middleware\\TransformsRequest->handle(Object(Illuminate\\Http\\Request), Object(Closure))
#23 /Applications/XAMPP/xamppfiles/htdocs/ChuyenDeWeb1/Lab2/php-docker-dev/source/TDC_Sharing/backend/vendor/laravel/framework/src/Illuminate/Pipeline/Pipeline.php(219): Illuminate\\Foundation\\Http\\Middleware\\ConvertEmptyStringsToNull->handle(Object(Illuminate\\Http\\Request), Object(Closure))
#24 /Applications/XAMPP/xamppfiles/htdocs/ChuyenDeWeb1/Lab2/php-docker-dev/source/TDC_Sharing/backend/vendor/laravel/framework/src/Illuminate/Foundation/Http/Middleware/TransformsRequest.php(21): Illuminate\\Pipeline\\Pipeline->Illuminate\\Pipeline\\{closure}(Object(Illuminate\\Http\\Request))
#25 /Applications/XAMPP/xamppfiles/htdocs/ChuyenDeWeb1/Lab2/php-docker-dev/source/TDC_Sharing/backend/vendor/laravel/framework/src/Illuminate/Foundation/Http/Middleware/TrimStrings.php(51): Illuminate\\Foundation\\Http\\Middleware\\TransformsRequest->handle(Object(Illuminate\\Http\\Request), Object(Closure))
#26 /Applications/XAMPP/xamppfiles/htdocs/ChuyenDeWeb1/Lab2/php-docker-dev/source/TDC_Sharing/backend/vendor/laravel/framework/src/Illuminate/Pipeline/Pipeline.php(219): Illuminate\\Foundation\\Http\\Middleware\\TrimStrings->handle(Object(Illuminate\\Http\\Request), Object(Closure))
#27 /Applications/XAMPP/xamppfiles/htdocs/ChuyenDeWeb1/Lab2/php-docker-dev/source/TDC_Sharing/backend/vendor/laravel/framework/src/Illuminate/Http/Middleware/ValidatePostSize.php(27): Illuminate\\Pipeline\\Pipeline->Illuminate\\Pipeline\\{closure}(Object(Illuminate\\Http\\Request))
#28 /Applications/XAMPP/xamppfiles/htdocs/ChuyenDeWeb1/Lab2/php-docker-dev/source/TDC_Sharing/backend/vendor/laravel/framework/src/Illuminate/Pipeline/Pipeline.php(219): Illuminate\\Http\\Middleware\\ValidatePostSize->handle(Object(Illuminate\\Http\\Request), Object(Closure))
#29 /Applications/XAMPP/xamppfiles/htdocs/ChuyenDeWeb1/Lab2/php-docker-dev/source/TDC_Sharing/backend/vendor/laravel/framework/src/Illuminate/Foundation/Http/Middleware/PreventRequestsDuringMaintenance.php(109): Illuminate\\Pipeline\\Pipeline->Illuminate\\Pipeline\\{closure}(Object(Illuminate\\Http\\Request))
#30 /Applications/XAMPP/xamppfiles/htdocs/ChuyenDeWeb1/Lab2/php-docker-dev/source/TDC_Sharing/backend/vendor/laravel/framework/src/Illuminate/Pipeline/Pipeline.php(219): Illuminate\\Foundation\\Http\\Middleware\\PreventRequestsDuringMaintenance->handle(Object(Illuminate\\Http\\Request), Object(Closure))
#31 /Applications/XAMPP/xamppfiles/htdocs/ChuyenDeWeb1/Lab2/php-docker-dev/source/TDC_Sharing/backend/vendor/laravel/framework/src/Illuminate/Http/Middleware/HandleCors.php(61): Illuminate\\Pipeline\\Pipeline->Illuminate\\Pipeline\\{closure}(Object(Illuminate\\Http\\Request))
#32 /Applications/XAMPP/xamppfiles/htdocs/ChuyenDeWeb1/Lab2/php-docker-dev/source/TDC_Sharing/backend/vendor/laravel/framework/src/Illuminate/Pipeline/Pipeline.php(219): Illuminate\\Http\\Middleware\\HandleCors->handle(Object(Illuminate\\Http\\Request), Object(Closure))
#33 /Applications/XAMPP/xamppfiles/htdocs/ChuyenDeWeb1/Lab2/php-docker-dev/source/TDC_Sharing/backend/vendor/laravel/framework/src/Illuminate/Http/Middleware/TrustProxies.php(58): Illuminate\\Pipeline\\Pipeline->Illuminate\\Pipeline\\{closure}(Object(Illuminate\\Http\\Request))
#34 /Applications/XAMPP/xamppfiles/htdocs/ChuyenDeWeb1/Lab2/php-docker-dev/source/TDC_Sharing/backend/vendor/laravel/framework/src/Illuminate/Pipeline/Pipeline.php(219): Illuminate\\Http\\Middleware\\TrustProxies->handle(Object(Illuminate\\Http\\Request), Object(Closure))
#35 /Applications/XAMPP/xamppfiles/htdocs/ChuyenDeWeb1/Lab2/php-docker-dev/source/TDC_Sharing/backend/vendor/laravel/framework/src/Illuminate/Foundation/Http/Middleware/InvokeDeferredCallbacks.php(22): Illuminate\\Pipeline\\Pipeline->Illuminate\\Pipeline\\{closure}(Object(Illuminate\\Http\\Request))
#36 /Applications/XAMPP/xamppfiles/htdocs/ChuyenDeWeb1/Lab2/php-docker-dev/source/TDC_Sharing/backend/vendor/laravel/framework/src/Illuminate/Pipeline/Pipeline.php(219): Illuminate\\Foundation\\Http\\Middleware\\InvokeDeferredCallbacks->handle(Object(Illuminate\\Http\\Request), Object(Closure))
#37 /Applications/XAMPP/xamppfiles/htdocs/ChuyenDeWeb1/Lab2/php-docker-dev/source/TDC_Sharing/backend/vendor/laravel/framework/src/Illuminate/Http/Middleware/ValidatePathEncoding.php(26): Illuminate\\Pipeline\\Pipeline->Illuminate\\Pipeline\\{closure}(Object(Illuminate\\Http\\Request))
#38 /Applications/XAMPP/xamppfiles/htdocs/ChuyenDeWeb1/Lab2/php-docker-dev/source/TDC_Sharing/backend/vendor/laravel/framework/src/Illuminate/Pipeline/Pipeline.php(219): Illuminate\\Http\\Middleware\\ValidatePathEncoding->handle(Object(Illuminate\\Http\\Request), Object(Closure))
#39 /Applications/XAMPP/xamppfiles/htdocs/ChuyenDeWeb1/Lab2/php-docker-dev/source/TDC_Sharing/backend/vendor/laravel/framework/src/Illuminate/Pipeline/Pipeline.php(137): Illuminate\\Pipeline\\Pipeline->Illuminate\\Pipeline\\{closure}(Object(Illuminate\\Http\\Request))
#40 /Applications/XAMPP/xamppfiles/htdocs/ChuyenDeWeb1/Lab2/php-docker-dev/source/TDC_Sharing/backend/vendor/laravel/framework/src/Illuminate/Foundation/Http/Kernel.php(175): Illuminate\\Pipeline\\Pipeline->then(Object(Closure))
#41 /Applications/XAMPP/xamppfiles/htdocs/ChuyenDeWeb1/Lab2/php-docker-dev/source/TDC_Sharing/backend/vendor/laravel/framework/src/Illuminate/Foundation/Http/Kernel.php(144): Illuminate\\Foundation\\Http\\Kernel->sendRequestThroughRouter(Object(Illuminate\\Http\\Request))
#42 /Applications/XAMPP/xamppfiles/htdocs/ChuyenDeWeb1/Lab2/php-docker-dev/source/TDC_Sharing/backend/vendor/laravel/framework/src/Illuminate/Foundation/Application.php(1220): Illuminate\\Foundation\\Http\\Kernel->handle(Object(Illuminate\\Http\\Request))
#43 /Applications/XAMPP/xamppfiles/htdocs/ChuyenDeWeb1/Lab2/php-docker-dev/source/TDC_Sharing/backend/public/index.php(20): Illuminate\\Foundation\\Application->handleRequest(Object(Illuminate\\Http\\Request))
#44 /Applications/XAMPP/xamppfiles/htdocs/ChuyenDeWeb1/Lab2/php-docker-dev/source/TDC_Sharing/backend/vendor/laravel/framework/src/Illuminate/Foundation/resources/server.php(23): require_once('/Applications/X...')
#45 {main}
"} 
[2025-10-26 10:07:59] local.ERROR: Class "App\Http\Requests\UpdateReviewRequest" does not exist {"userId":1,"exception":"[object] (ReflectionException(code: -1): Class \"App\\Http\\Requests\\UpdateReviewRequest\" does not exist at /Applications/XAMPP/xamppfiles/htdocs/ChuyenDeWeb1/Lab2/php-docker-dev/source/TDC_Sharing/backend/vendor/laravel/framework/src/Illuminate/Routing/ResolvesRouteDependencies.php:88)
[stacktrace]
#0 /Applications/XAMPP/xamppfiles/htdocs/ChuyenDeWeb1/Lab2/php-docker-dev/source/TDC_Sharing/backend/vendor/laravel/framework/src/Illuminate/Routing/ResolvesRouteDependencies.php(88): ReflectionClass->__construct('App\\\\Http\\\\Reques...')
#1 /Applications/XAMPP/xamppfiles/htdocs/ChuyenDeWeb1/Lab2/php-docker-dev/source/TDC_Sharing/backend/vendor/laravel/framework/src/Illuminate/Routing/ResolvesRouteDependencies.php(51): Illuminate\\Routing\\ControllerDispatcher->transformDependency(Object(ReflectionParameter), Array, Object(stdClass))
#2 /Applications/XAMPP/xamppfiles/htdocs/ChuyenDeWeb1/Lab2/php-docker-dev/source/TDC_Sharing/backend/vendor/laravel/framework/src/Illuminate/Routing/ResolvesRouteDependencies.php(30): Illuminate\\Routing\\ControllerDispatcher->resolveMethodDependencies(Array, Object(ReflectionMethod))
#3 /Applications/XAMPP/xamppfiles/htdocs/ChuyenDeWeb1/Lab2/php-docker-dev/source/TDC_Sharing/backend/vendor/laravel/framework/src/Illuminate/Routing/ControllerDispatcher.php(59): Illuminate\\Routing\\ControllerDispatcher->resolveClassMethodDependencies(Array, Object(App\\Http\\Controllers\\Api\\ReviewController), 'update')
#4 /Applications/XAMPP/xamppfiles/htdocs/ChuyenDeWeb1/Lab2/php-docker-dev/source/TDC_Sharing/backend/vendor/laravel/framework/src/Illuminate/Routing/ControllerDispatcher.php(40): Illuminate\\Routing\\ControllerDispatcher->resolveParameters(Object(Illuminate\\Routing\\Route), Object(App\\Http\\Controllers\\Api\\ReviewController), 'update')
#5 /Applications/XAMPP/xamppfiles/htdocs/ChuyenDeWeb1/Lab2/php-docker-dev/source/TDC_Sharing/backend/vendor/laravel/framework/src/Illuminate/Routing/Route.php(265): Illuminate\\Routing\\ControllerDispatcher->dispatch(Object(Illuminate\\Routing\\Route), Object(App\\Http\\Controllers\\Api\\ReviewController), 'update')
#6 /Applications/XAMPP/xamppfiles/htdocs/ChuyenDeWeb1/Lab2/php-docker-dev/source/TDC_Sharing/backend/vendor/laravel/framework/src/Illuminate/Routing/Route.php(211): Illuminate\\Routing\\Route->runController()
#7 /Applications/XAMPP/xamppfiles/htdocs/ChuyenDeWeb1/Lab2/php-docker-dev/source/TDC_Sharing/backend/vendor/laravel/framework/src/Illuminate/Routing/Router.php(822): Illuminate\\Routing\\Route->run()
#8 /Applications/XAMPP/xamppfiles/htdocs/ChuyenDeWeb1/Lab2/php-docker-dev/source/TDC_Sharing/backend/vendor/laravel/framework/src/Illuminate/Pipeline/Pipeline.php(180): Illuminate\\Routing\\Router->Illuminate\\Routing\\{closure}(Object(Illuminate\\Http\\Request))
#9 /Applications/XAMPP/xamppfiles/htdocs/ChuyenDeWeb1/Lab2/php-docker-dev/source/TDC_Sharing/backend/vendor/laravel/framework/src/Illuminate/Routing/Middleware/SubstituteBindings.php(50): Illuminate\\Pipeline\\Pipeline->Illuminate\\Pipeline\\{closure}(Object(Illuminate\\Http\\Request))
#10 /Applications/XAMPP/xamppfiles/htdocs/ChuyenDeWeb1/Lab2/php-docker-dev/source/TDC_Sharing/backend/vendor/laravel/framework/src/Illuminate/Pipeline/Pipeline.php(219): Illuminate\\Routing\\Middleware\\SubstituteBindings->handle(Object(Illuminate\\Http\\Request), Object(Closure))
#11 /Applications/XAMPP/xamppfiles/htdocs/ChuyenDeWeb1/Lab2/php-docker-dev/source/TDC_Sharing/backend/vendor/laravel/framework/src/Illuminate/Auth/Middleware/Authenticate.php(63): Illuminate\\Pipeline\\Pipeline->Illuminate\\Pipeline\\{closure}(Object(Illuminate\\Http\\Request))
#12 /Applications/XAMPP/xamppfiles/htdocs/ChuyenDeWeb1/Lab2/php-docker-dev/source/TDC_Sharing/backend/vendor/laravel/framework/src/Illuminate/Pipeline/Pipeline.php(219): Illuminate\\Auth\\Middleware\\Authenticate->handle(Object(Illuminate\\Http\\Request), Object(Closure), 'sanctum')
#13 /Applications/XAMPP/xamppfiles/htdocs/ChuyenDeWeb1/Lab2/php-docker-dev/source/TDC_Sharing/backend/vendor/laravel/framework/src/Illuminate/Pipeline/Pipeline.php(137): Illuminate\\Pipeline\\Pipeline->Illuminate\\Pipeline\\{closure}(Object(Illuminate\\Http\\Request))
#14 /Applications/XAMPP/xamppfiles/htdocs/ChuyenDeWeb1/Lab2/php-docker-dev/source/TDC_Sharing/backend/vendor/laravel/framework/src/Illuminate/Routing/Router.php(821): Illuminate\\Pipeline\\Pipeline->then(Object(Closure))
#15 /Applications/XAMPP/xamppfiles/htdocs/ChuyenDeWeb1/Lab2/php-docker-dev/source/TDC_Sharing/backend/vendor/laravel/framework/src/Illuminate/Routing/Router.php(800): Illuminate\\Routing\\Router->runRouteWithinStack(Object(Illuminate\\Routing\\Route), Object(Illuminate\\Http\\Request))
#16 /Applications/XAMPP/xamppfiles/htdocs/ChuyenDeWeb1/Lab2/php-docker-dev/source/TDC_Sharing/backend/vendor/laravel/framework/src/Illuminate/Routing/Router.php(764): Illuminate\\Routing\\Router->runRoute(Object(Illuminate\\Http\\Request), Object(Illuminate\\Routing\\Route))
#17 /Applications/XAMPP/xamppfiles/htdocs/ChuyenDeWeb1/Lab2/php-docker-dev/source/TDC_Sharing/backend/vendor/laravel/framework/src/Illuminate/Routing/Router.php(753): Illuminate\\Routing\\Router->dispatchToRoute(Object(Illuminate\\Http\\Request))
#18 /Applications/XAMPP/xamppfiles/htdocs/ChuyenDeWeb1/Lab2/php-docker-dev/source/TDC_Sharing/backend/vendor/laravel/framework/src/Illuminate/Foundation/Http/Kernel.php(200): Illuminate\\Routing\\Router->dispatch(Object(Illuminate\\Http\\Request))
#19 /Applications/XAMPP/xamppfiles/htdocs/ChuyenDeWeb1/Lab2/php-docker-dev/source/TDC_Sharing/backend/vendor/laravel/framework/src/Illuminate/Pipeline/Pipeline.php(180): Illuminate\\Foundation\\Http\\Kernel->Illuminate\\Foundation\\Http\\{closure}(Object(Illuminate\\Http\\Request))
#20 /Applications/XAMPP/xamppfiles/htdocs/ChuyenDeWeb1/Lab2/php-docker-dev/source/TDC_Sharing/backend/vendor/laravel/framework/src/Illuminate/Foundation/Http/Middleware/TransformsRequest.php(21): Illuminate\\Pipeline\\Pipeline->Illuminate\\Pipeline\\{closure}(Object(Illuminate\\Http\\Request))
#21 /Applications/XAMPP/xamppfiles/htdocs/ChuyenDeWeb1/Lab2/php-docker-dev/source/TDC_Sharing/backend/vendor/laravel/framework/src/Illuminate/Foundation/Http/Middleware/ConvertEmptyStringsToNull.php(31): Illuminate\\Foundation\\Http\\Middleware\\TransformsRequest->handle(Object(Illuminate\\Http\\Request), Object(Closure))
#22 /Applications/XAMPP/xamppfiles/htdocs/ChuyenDeWeb1/Lab2/php-docker-dev/source/TDC_Sharing/backend/vendor/laravel/framework/src/Illuminate/Pipeline/Pipeline.php(219): Illuminate\\Foundation\\Http\\Middleware\\ConvertEmptyStringsToNull->handle(Object(Illuminate\\Http\\Request), Object(Closure))
#23 /Applications/XAMPP/xamppfiles/htdocs/ChuyenDeWeb1/Lab2/php-docker-dev/source/TDC_Sharing/backend/vendor/laravel/framework/src/Illuminate/Foundation/Http/Middleware/TransformsRequest.php(21): Illuminate\\Pipeline\\Pipeline->Illuminate\\Pipeline\\{closure}(Object(Illuminate\\Http\\Request))
#24 /Applications/XAMPP/xamppfiles/htdocs/ChuyenDeWeb1/Lab2/php-docker-dev/source/TDC_Sharing/backend/vendor/laravel/framework/src/Illuminate/Foundation/Http/Middleware/TrimStrings.php(51): Illuminate\\Foundation\\Http\\Middleware\\TransformsRequest->handle(Object(Illuminate\\Http\\Request), Object(Closure))
#25 /Applications/XAMPP/xamppfiles/htdocs/ChuyenDeWeb1/Lab2/php-docker-dev/source/TDC_Sharing/backend/vendor/laravel/framework/src/Illuminate/Pipeline/Pipeline.php(219): Illuminate\\Foundation\\Http\\Middleware\\TrimStrings->handle(Object(Illuminate\\Http\\Request), Object(Closure))
#26 /Applications/XAMPP/xamppfiles/htdocs/ChuyenDeWeb1/Lab2/php-docker-dev/source/TDC_Sharing/backend/vendor/laravel/framework/src/Illuminate/Http/Middleware/ValidatePostSize.php(27): Illuminate\\Pipeline\\Pipeline->Illuminate\\Pipeline\\{closure}(Object(Illuminate\\Http\\Request))
#27 /Applications/XAMPP/xamppfiles/htdocs/ChuyenDeWeb1/Lab2/php-docker-dev/source/TDC_Sharing/backend/vendor/laravel/framework/src/Illuminate/Pipeline/Pipeline.php(219): Illuminate\\Http\\Middleware\\ValidatePostSize->handle(Object(Illuminate\\Http\\Request), Object(Closure))
#28 /Applications/XAMPP/xamppfiles/htdocs/ChuyenDeWeb1/Lab2/php-docker-dev/source/TDC_Sharing/backend/vendor/laravel/framework/src/Illuminate/Foundation/Http/Middleware/PreventRequestsDuringMaintenance.php(109): Illuminate\\Pipeline\\Pipeline->Illuminate\\Pipeline\\{closure}(Object(Illuminate\\Http\\Request))
#29 /Applications/XAMPP/xamppfiles/htdocs/ChuyenDeWeb1/Lab2/php-docker-dev/source/TDC_Sharing/backend/vendor/laravel/framework/src/Illuminate/Pipeline/Pipeline.php(219): Illuminate\\Foundation\\Http\\Middleware\\PreventRequestsDuringMaintenance->handle(Object(Illuminate\\Http\\Request), Object(Closure))
#30 /Applications/XAMPP/xamppfiles/htdocs/ChuyenDeWeb1/Lab2/php-docker-dev/source/TDC_Sharing/backend/vendor/laravel/framework/src/Illuminate/Http/Middleware/HandleCors.php(61): Illuminate\\Pipeline\\Pipeline->Illuminate\\Pipeline\\{closure}(Object(Illuminate\\Http\\Request))
#31 /Applications/XAMPP/xamppfiles/htdocs/ChuyenDeWeb1/Lab2/php-docker-dev/source/TDC_Sharing/backend/vendor/laravel/framework/src/Illuminate/Pipeline/Pipeline.php(219): Illuminate\\Http\\Middleware\\HandleCors->handle(Object(Illuminate\\Http\\Request), Object(Closure))
#32 /Applications/XAMPP/xamppfiles/htdocs/ChuyenDeWeb1/Lab2/php-docker-dev/source/TDC_Sharing/backend/vendor/laravel/framework/src/Illuminate/Http/Middleware/TrustProxies.php(58): Illuminate\\Pipeline\\Pipeline->Illuminate\\Pipeline\\{closure}(Object(Illuminate\\Http\\Request))
#33 /Applications/XAMPP/xamppfiles/htdocs/ChuyenDeWeb1/Lab2/php-docker-dev/source/TDC_Sharing/backend/vendor/laravel/framework/src/Illuminate/Pipeline/Pipeline.php(219): Illuminate\\Http\\Middleware\\TrustProxies->handle(Object(Illuminate\\Http\\Request), Object(Closure))
#34 /Applications/XAMPP/xamppfiles/htdocs/ChuyenDeWeb1/Lab2/php-docker-dev/source/TDC_Sharing/backend/vendor/laravel/framework/src/Illuminate/Foundation/Http/Middleware/InvokeDeferredCallbacks.php(22): Illuminate\\Pipeline\\Pipeline->Illuminate\\Pipeline\\{closure}(Object(Illuminate\\Http\\Request))
#35 /Applications/XAMPP/xamppfiles/htdocs/ChuyenDeWeb1/Lab2/php-docker-dev/source/TDC_Sharing/backend/vendor/laravel/framework/src/Illuminate/Pipeline/Pipeline.php(219): Illuminate\\Foundation\\Http\\Middleware\\InvokeDeferredCallbacks->handle(Object(Illuminate\\Http\\Request), Object(Closure))
#36 /Applications/XAMPP/xamppfiles/htdocs/ChuyenDeWeb1/Lab2/php-docker-dev/source/TDC_Sharing/backend/vendor/laravel/framework/src/Illuminate/Http/Middleware/ValidatePathEncoding.php(26): Illuminate\\Pipeline\\Pipeline->Illuminate\\Pipeline\\{closure}(Object(Illuminate\\Http\\Request))
#37 /Applications/XAMPP/xamppfiles/htdocs/ChuyenDeWeb1/Lab2/php-docker-dev/source/TDC_Sharing/backend/vendor/laravel/framework/src/Illuminate/Pipeline/Pipeline.php(219): Illuminate\\Http\\Middleware\\ValidatePathEncoding->handle(Object(Illuminate\\Http\\Request), Object(Closure))
#38 /Applications/XAMPP/xamppfiles/htdocs/ChuyenDeWeb1/Lab2/php-docker-dev/source/TDC_Sharing/backend/vendor/laravel/framework/src/Illuminate/Pipeline/Pipeline.php(137): Illuminate\\Pipeline\\Pipeline->Illuminate\\Pipeline\\{closure}(Object(Illuminate\\Http\\Request))
#39 /Applications/XAMPP/xamppfiles/htdocs/ChuyenDeWeb1/Lab2/php-docker-dev/source/TDC_Sharing/backend/vendor/laravel/framework/src/Illuminate/Foundation/Http/Kernel.php(175): Illuminate\\Pipeline\\Pipeline->then(Object(Closure))
#40 /Applications/XAMPP/xamppfiles/htdocs/ChuyenDeWeb1/Lab2/php-docker-dev/source/TDC_Sharing/backend/vendor/laravel/framework/src/Illuminate/Foundation/Http/Kernel.php(144): Illuminate\\Foundation\\Http\\Kernel->sendRequestThroughRouter(Object(Illuminate\\Http\\Request))
#41 /Applications/XAMPP/xamppfiles/htdocs/ChuyenDeWeb1/Lab2/php-docker-dev/source/TDC_Sharing/backend/vendor/laravel/framework/src/Illuminate/Foundation/Application.php(1220): Illuminate\\Foundation\\Http\\Kernel->handle(Object(Illuminate\\Http\\Request))
#42 /Applications/XAMPP/xamppfiles/htdocs/ChuyenDeWeb1/Lab2/php-docker-dev/source/TDC_Sharing/backend/public/index.php(20): Illuminate\\Foundation\\Application->handleRequest(Object(Illuminate\\Http\\Request))
#43 /Applications/XAMPP/xamppfiles/htdocs/ChuyenDeWeb1/Lab2/php-docker-dev/source/TDC_Sharing/backend/vendor/laravel/framework/src/Illuminate/Foundation/resources/server.php(23): require_once('/Applications/X...')
#44 {main}
"} 
[2025-10-26 10:08:36] local.ERROR: Class "App\Http\Requests\UpdateReviewRequest" does not exist {"userId":1,"exception":"[object] (ReflectionException(code: -1): Class \"App\\Http\\Requests\\UpdateReviewRequest\" does not exist at /Applications/XAMPP/xamppfiles/htdocs/ChuyenDeWeb1/Lab2/php-docker-dev/source/TDC_Sharing/backend/vendor/laravel/framework/src/Illuminate/Routing/ResolvesRouteDependencies.php:88)
[stacktrace]
#0 /Applications/XAMPP/xamppfiles/htdocs/ChuyenDeWeb1/Lab2/php-docker-dev/source/TDC_Sharing/backend/vendor/laravel/framework/src/Illuminate/Routing/ResolvesRouteDependencies.php(88): ReflectionClass->__construct('App\\\\Http\\\\Reques...')
#1 /Applications/XAMPP/xamppfiles/htdocs/ChuyenDeWeb1/Lab2/php-docker-dev/source/TDC_Sharing/backend/vendor/laravel/framework/src/Illuminate/Routing/ResolvesRouteDependencies.php(51): Illuminate\\Routing\\ControllerDispatcher->transformDependency(Object(ReflectionParameter), Array, Object(stdClass))
#2 /Applications/XAMPP/xamppfiles/htdocs/ChuyenDeWeb1/Lab2/php-docker-dev/source/TDC_Sharing/backend/vendor/laravel/framework/src/Illuminate/Routing/ResolvesRouteDependencies.php(30): Illuminate\\Routing\\ControllerDispatcher->resolveMethodDependencies(Array, Object(ReflectionMethod))
#3 /Applications/XAMPP/xamppfiles/htdocs/ChuyenDeWeb1/Lab2/php-docker-dev/source/TDC_Sharing/backend/vendor/laravel/framework/src/Illuminate/Routing/ControllerDispatcher.php(59): Illuminate\\Routing\\ControllerDispatcher->resolveClassMethodDependencies(Array, Object(App\\Http\\Controllers\\Api\\ReviewController), 'update')
#4 /Applications/XAMPP/xamppfiles/htdocs/ChuyenDeWeb1/Lab2/php-docker-dev/source/TDC_Sharing/backend/vendor/laravel/framework/src/Illuminate/Routing/ControllerDispatcher.php(40): Illuminate\\Routing\\ControllerDispatcher->resolveParameters(Object(Illuminate\\Routing\\Route), Object(App\\Http\\Controllers\\Api\\ReviewController), 'update')
#5 /Applications/XAMPP/xamppfiles/htdocs/ChuyenDeWeb1/Lab2/php-docker-dev/source/TDC_Sharing/backend/vendor/laravel/framework/src/Illuminate/Routing/Route.php(265): Illuminate\\Routing\\ControllerDispatcher->dispatch(Object(Illuminate\\Routing\\Route), Object(App\\Http\\Controllers\\Api\\ReviewController), 'update')
#6 /Applications/XAMPP/xamppfiles/htdocs/ChuyenDeWeb1/Lab2/php-docker-dev/source/TDC_Sharing/backend/vendor/laravel/framework/src/Illuminate/Routing/Route.php(211): Illuminate\\Routing\\Route->runController()
#7 /Applications/XAMPP/xamppfiles/htdocs/ChuyenDeWeb1/Lab2/php-docker-dev/source/TDC_Sharing/backend/vendor/laravel/framework/src/Illuminate/Routing/Router.php(822): Illuminate\\Routing\\Route->run()
#8 /Applications/XAMPP/xamppfiles/htdocs/ChuyenDeWeb1/Lab2/php-docker-dev/source/TDC_Sharing/backend/vendor/laravel/framework/src/Illuminate/Pipeline/Pipeline.php(180): Illuminate\\Routing\\Router->Illuminate\\Routing\\{closure}(Object(Illuminate\\Http\\Request))
#9 /Applications/XAMPP/xamppfiles/htdocs/ChuyenDeWeb1/Lab2/php-docker-dev/source/TDC_Sharing/backend/vendor/laravel/framework/src/Illuminate/Routing/Middleware/SubstituteBindings.php(50): Illuminate\\Pipeline\\Pipeline->Illuminate\\Pipeline\\{closure}(Object(Illuminate\\Http\\Request))
#10 /Applications/XAMPP/xamppfiles/htdocs/ChuyenDeWeb1/Lab2/php-docker-dev/source/TDC_Sharing/backend/vendor/laravel/framework/src/Illuminate/Pipeline/Pipeline.php(219): Illuminate\\Routing\\Middleware\\SubstituteBindings->handle(Object(Illuminate\\Http\\Request), Object(Closure))
#11 /Applications/XAMPP/xamppfiles/htdocs/ChuyenDeWeb1/Lab2/php-docker-dev/source/TDC_Sharing/backend/vendor/laravel/framework/src/Illuminate/Auth/Middleware/Authenticate.php(63): Illuminate\\Pipeline\\Pipeline->Illuminate\\Pipeline\\{closure}(Object(Illuminate\\Http\\Request))
#12 /Applications/XAMPP/xamppfiles/htdocs/ChuyenDeWeb1/Lab2/php-docker-dev/source/TDC_Sharing/backend/vendor/laravel/framework/src/Illuminate/Pipeline/Pipeline.php(219): Illuminate\\Auth\\Middleware\\Authenticate->handle(Object(Illuminate\\Http\\Request), Object(Closure), 'sanctum')
#13 /Applications/XAMPP/xamppfiles/htdocs/ChuyenDeWeb1/Lab2/php-docker-dev/source/TDC_Sharing/backend/vendor/laravel/framework/src/Illuminate/Pipeline/Pipeline.php(137): Illuminate\\Pipeline\\Pipeline->Illuminate\\Pipeline\\{closure}(Object(Illuminate\\Http\\Request))
#14 /Applications/XAMPP/xamppfiles/htdocs/ChuyenDeWeb1/Lab2/php-docker-dev/source/TDC_Sharing/backend/vendor/laravel/framework/src/Illuminate/Routing/Router.php(821): Illuminate\\Pipeline\\Pipeline->then(Object(Closure))
#15 /Applications/XAMPP/xamppfiles/htdocs/ChuyenDeWeb1/Lab2/php-docker-dev/source/TDC_Sharing/backend/vendor/laravel/framework/src/Illuminate/Routing/Router.php(800): Illuminate\\Routing\\Router->runRouteWithinStack(Object(Illuminate\\Routing\\Route), Object(Illuminate\\Http\\Request))
#16 /Applications/XAMPP/xamppfiles/htdocs/ChuyenDeWeb1/Lab2/php-docker-dev/source/TDC_Sharing/backend/vendor/laravel/framework/src/Illuminate/Routing/Router.php(764): Illuminate\\Routing\\Router->runRoute(Object(Illuminate\\Http\\Request), Object(Illuminate\\Routing\\Route))
#17 /Applications/XAMPP/xamppfiles/htdocs/ChuyenDeWeb1/Lab2/php-docker-dev/source/TDC_Sharing/backend/vendor/laravel/framework/src/Illuminate/Routing/Router.php(753): Illuminate\\Routing\\Router->dispatchToRoute(Object(Illuminate\\Http\\Request))
#18 /Applications/XAMPP/xamppfiles/htdocs/ChuyenDeWeb1/Lab2/php-docker-dev/source/TDC_Sharing/backend/vendor/laravel/framework/src/Illuminate/Foundation/Http/Kernel.php(200): Illuminate\\Routing\\Router->dispatch(Object(Illuminate\\Http\\Request))
#19 /Applications/XAMPP/xamppfiles/htdocs/ChuyenDeWeb1/Lab2/php-docker-dev/source/TDC_Sharing/backend/vendor/laravel/framework/src/Illuminate/Pipeline/Pipeline.php(180): Illuminate\\Foundation\\Http\\Kernel->Illuminate\\Foundation\\Http\\{closure}(Object(Illuminate\\Http\\Request))
#20 /Applications/XAMPP/xamppfiles/htdocs/ChuyenDeWeb1/Lab2/php-docker-dev/source/TDC_Sharing/backend/vendor/laravel/framework/src/Illuminate/Foundation/Http/Middleware/TransformsRequest.php(21): Illuminate\\Pipeline\\Pipeline->Illuminate\\Pipeline\\{closure}(Object(Illuminate\\Http\\Request))
#21 /Applications/XAMPP/xamppfiles/htdocs/ChuyenDeWeb1/Lab2/php-docker-dev/source/TDC_Sharing/backend/vendor/laravel/framework/src/Illuminate/Foundation/Http/Middleware/ConvertEmptyStringsToNull.php(31): Illuminate\\Foundation\\Http\\Middleware\\TransformsRequest->handle(Object(Illuminate\\Http\\Request), Object(Closure))
#22 /Applications/XAMPP/xamppfiles/htdocs/ChuyenDeWeb1/Lab2/php-docker-dev/source/TDC_Sharing/backend/vendor/laravel/framework/src/Illuminate/Pipeline/Pipeline.php(219): Illuminate\\Foundation\\Http\\Middleware\\ConvertEmptyStringsToNull->handle(Object(Illuminate\\Http\\Request), Object(Closure))
#23 /Applications/XAMPP/xamppfiles/htdocs/ChuyenDeWeb1/Lab2/php-docker-dev/source/TDC_Sharing/backend/vendor/laravel/framework/src/Illuminate/Foundation/Http/Middleware/TransformsRequest.php(21): Illuminate\\Pipeline\\Pipeline->Illuminate\\Pipeline\\{closure}(Object(Illuminate\\Http\\Request))
#24 /Applications/XAMPP/xamppfiles/htdocs/ChuyenDeWeb1/Lab2/php-docker-dev/source/TDC_Sharing/backend/vendor/laravel/framework/src/Illuminate/Foundation/Http/Middleware/TrimStrings.php(51): Illuminate\\Foundation\\Http\\Middleware\\TransformsRequest->handle(Object(Illuminate\\Http\\Request), Object(Closure))
#25 /Applications/XAMPP/xamppfiles/htdocs/ChuyenDeWeb1/Lab2/php-docker-dev/source/TDC_Sharing/backend/vendor/laravel/framework/src/Illuminate/Pipeline/Pipeline.php(219): Illuminate\\Foundation\\Http\\Middleware\\TrimStrings->handle(Object(Illuminate\\Http\\Request), Object(Closure))
#26 /Applications/XAMPP/xamppfiles/htdocs/ChuyenDeWeb1/Lab2/php-docker-dev/source/TDC_Sharing/backend/vendor/laravel/framework/src/Illuminate/Http/Middleware/ValidatePostSize.php(27): Illuminate\\Pipeline\\Pipeline->Illuminate\\Pipeline\\{closure}(Object(Illuminate\\Http\\Request))
#27 /Applications/XAMPP/xamppfiles/htdocs/ChuyenDeWeb1/Lab2/php-docker-dev/source/TDC_Sharing/backend/vendor/laravel/framework/src/Illuminate/Pipeline/Pipeline.php(219): Illuminate\\Http\\Middleware\\ValidatePostSize->handle(Object(Illuminate\\Http\\Request), Object(Closure))
#28 /Applications/XAMPP/xamppfiles/htdocs/ChuyenDeWeb1/Lab2/php-docker-dev/source/TDC_Sharing/backend/vendor/laravel/framework/src/Illuminate/Foundation/Http/Middleware/PreventRequestsDuringMaintenance.php(109): Illuminate\\Pipeline\\Pipeline->Illuminate\\Pipeline\\{closure}(Object(Illuminate\\Http\\Request))
#29 /Applications/XAMPP/xamppfiles/htdocs/ChuyenDeWeb1/Lab2/php-docker-dev/source/TDC_Sharing/backend/vendor/laravel/framework/src/Illuminate/Pipeline/Pipeline.php(219): Illuminate\\Foundation\\Http\\Middleware\\PreventRequestsDuringMaintenance->handle(Object(Illuminate\\Http\\Request), Object(Closure))
#30 /Applications/XAMPP/xamppfiles/htdocs/ChuyenDeWeb1/Lab2/php-docker-dev/source/TDC_Sharing/backend/vendor/laravel/framework/src/Illuminate/Http/Middleware/HandleCors.php(61): Illuminate\\Pipeline\\Pipeline->Illuminate\\Pipeline\\{closure}(Object(Illuminate\\Http\\Request))
#31 /Applications/XAMPP/xamppfiles/htdocs/ChuyenDeWeb1/Lab2/php-docker-dev/source/TDC_Sharing/backend/vendor/laravel/framework/src/Illuminate/Pipeline/Pipeline.php(219): Illuminate\\Http\\Middleware\\HandleCors->handle(Object(Illuminate\\Http\\Request), Object(Closure))
#32 /Applications/XAMPP/xamppfiles/htdocs/ChuyenDeWeb1/Lab2/php-docker-dev/source/TDC_Sharing/backend/vendor/laravel/framework/src/Illuminate/Http/Middleware/TrustProxies.php(58): Illuminate\\Pipeline\\Pipeline->Illuminate\\Pipeline\\{closure}(Object(Illuminate\\Http\\Request))
#33 /Applications/XAMPP/xamppfiles/htdocs/ChuyenDeWeb1/Lab2/php-docker-dev/source/TDC_Sharing/backend/vendor/laravel/framework/src/Illuminate/Pipeline/Pipeline.php(219): Illuminate\\Http\\Middleware\\TrustProxies->handle(Object(Illuminate\\Http\\Request), Object(Closure))
#34 /Applications/XAMPP/xamppfiles/htdocs/ChuyenDeWeb1/Lab2/php-docker-dev/source/TDC_Sharing/backend/vendor/laravel/framework/src/Illuminate/Foundation/Http/Middleware/InvokeDeferredCallbacks.php(22): Illuminate\\Pipeline\\Pipeline->Illuminate\\Pipeline\\{closure}(Object(Illuminate\\Http\\Request))
#35 /Applications/XAMPP/xamppfiles/htdocs/ChuyenDeWeb1/Lab2/php-docker-dev/source/TDC_Sharing/backend/vendor/laravel/framework/src/Illuminate/Pipeline/Pipeline.php(219): Illuminate\\Foundation\\Http\\Middleware\\InvokeDeferredCallbacks->handle(Object(Illuminate\\Http\\Request), Object(Closure))
#36 /Applications/XAMPP/xamppfiles/htdocs/ChuyenDeWeb1/Lab2/php-docker-dev/source/TDC_Sharing/backend/vendor/laravel/framework/src/Illuminate/Http/Middleware/ValidatePathEncoding.php(26): Illuminate\\Pipeline\\Pipeline->Illuminate\\Pipeline\\{closure}(Object(Illuminate\\Http\\Request))
#37 /Applications/XAMPP/xamppfiles/htdocs/ChuyenDeWeb1/Lab2/php-docker-dev/source/TDC_Sharing/backend/vendor/laravel/framework/src/Illuminate/Pipeline/Pipeline.php(219): Illuminate\\Http\\Middleware\\ValidatePathEncoding->handle(Object(Illuminate\\Http\\Request), Object(Closure))
#38 /Applications/XAMPP/xamppfiles/htdocs/ChuyenDeWeb1/Lab2/php-docker-dev/source/TDC_Sharing/backend/vendor/laravel/framework/src/Illuminate/Pipeline/Pipeline.php(137): Illuminate\\Pipeline\\Pipeline->Illuminate\\Pipeline\\{closure}(Object(Illuminate\\Http\\Request))
#39 /Applications/XAMPP/xamppfiles/htdocs/ChuyenDeWeb1/Lab2/php-docker-dev/source/TDC_Sharing/backend/vendor/laravel/framework/src/Illuminate/Foundation/Http/Kernel.php(175): Illuminate\\Pipeline\\Pipeline->then(Object(Closure))
#40 /Applications/XAMPP/xamppfiles/htdocs/ChuyenDeWeb1/Lab2/php-docker-dev/source/TDC_Sharing/backend/vendor/laravel/framework/src/Illuminate/Foundation/Http/Kernel.php(144): Illuminate\\Foundation\\Http\\Kernel->sendRequestThroughRouter(Object(Illuminate\\Http\\Request))
#41 /Applications/XAMPP/xamppfiles/htdocs/ChuyenDeWeb1/Lab2/php-docker-dev/source/TDC_Sharing/backend/vendor/laravel/framework/src/Illuminate/Foundation/Application.php(1220): Illuminate\\Foundation\\Http\\Kernel->handle(Object(Illuminate\\Http\\Request))
#42 /Applications/XAMPP/xamppfiles/htdocs/ChuyenDeWeb1/Lab2/php-docker-dev/source/TDC_Sharing/backend/public/index.php(20): Illuminate\\Foundation\\Application->handleRequest(Object(Illuminate\\Http\\Request))
#43 /Applications/XAMPP/xamppfiles/htdocs/ChuyenDeWeb1/Lab2/php-docker-dev/source/TDC_Sharing/backend/vendor/laravel/framework/src/Illuminate/Foundation/resources/server.php(23): require_once('/Applications/X...')
#44 {main}
"} 
[2025-10-26 10:09:40] local.ERROR: Class "App\Http\Resources\ReviewResource" not found {"userId":1,"exception":"[object] (Error(code: 0): Class \"App\\Http\\Resources\\ReviewResource\" not found at /Applications/XAMPP/xamppfiles/htdocs/ChuyenDeWeb1/Lab2/php-docker-dev/source/TDC_Sharing/backend/app/Http/Controllers/Api/ReviewController.php:117)
[stacktrace]
#0 /Applications/XAMPP/xamppfiles/htdocs/ChuyenDeWeb1/Lab2/php-docker-dev/source/TDC_Sharing/backend/vendor/laravel/framework/src/Illuminate/Routing/Controller.php(54): App\\Http\\Controllers\\Api\\ReviewController->update(Object(App\\Http\\Requests\\UpdateReviewRequest), Object(App\\Models\\Review))
#1 /Applications/XAMPP/xamppfiles/htdocs/ChuyenDeWeb1/Lab2/php-docker-dev/source/TDC_Sharing/backend/vendor/laravel/framework/src/Illuminate/Routing/ControllerDispatcher.php(43): Illuminate\\Routing\\Controller->callAction('update', Array)
#2 /Applications/XAMPP/xamppfiles/htdocs/ChuyenDeWeb1/Lab2/php-docker-dev/source/TDC_Sharing/backend/vendor/laravel/framework/src/Illuminate/Routing/Route.php(265): Illuminate\\Routing\\ControllerDispatcher->dispatch(Object(Illuminate\\Routing\\Route), Object(App\\Http\\Controllers\\Api\\ReviewController), 'update')
#3 /Applications/XAMPP/xamppfiles/htdocs/ChuyenDeWeb1/Lab2/php-docker-dev/source/TDC_Sharing/backend/vendor/laravel/framework/src/Illuminate/Routing/Route.php(211): Illuminate\\Routing\\Route->runController()
#4 /Applications/XAMPP/xamppfiles/htdocs/ChuyenDeWeb1/Lab2/php-docker-dev/source/TDC_Sharing/backend/vendor/laravel/framework/src/Illuminate/Routing/Router.php(822): Illuminate\\Routing\\Route->run()
#5 /Applications/XAMPP/xamppfiles/htdocs/ChuyenDeWeb1/Lab2/php-docker-dev/source/TDC_Sharing/backend/vendor/laravel/framework/src/Illuminate/Pipeline/Pipeline.php(180): Illuminate\\Routing\\Router->Illuminate\\Routing\\{closure}(Object(Illuminate\\Http\\Request))
#6 /Applications/XAMPP/xamppfiles/htdocs/ChuyenDeWeb1/Lab2/php-docker-dev/source/TDC_Sharing/backend/vendor/laravel/framework/src/Illuminate/Routing/Middleware/SubstituteBindings.php(50): Illuminate\\Pipeline\\Pipeline->Illuminate\\Pipeline\\{closure}(Object(Illuminate\\Http\\Request))
#7 /Applications/XAMPP/xamppfiles/htdocs/ChuyenDeWeb1/Lab2/php-docker-dev/source/TDC_Sharing/backend/vendor/laravel/framework/src/Illuminate/Pipeline/Pipeline.php(219): Illuminate\\Routing\\Middleware\\SubstituteBindings->handle(Object(Illuminate\\Http\\Request), Object(Closure))
#8 /Applications/XAMPP/xamppfiles/htdocs/ChuyenDeWeb1/Lab2/php-docker-dev/source/TDC_Sharing/backend/vendor/laravel/framework/src/Illuminate/Auth/Middleware/Authenticate.php(63): Illuminate\\Pipeline\\Pipeline->Illuminate\\Pipeline\\{closure}(Object(Illuminate\\Http\\Request))
#9 /Applications/XAMPP/xamppfiles/htdocs/ChuyenDeWeb1/Lab2/php-docker-dev/source/TDC_Sharing/backend/vendor/laravel/framework/src/Illuminate/Pipeline/Pipeline.php(219): Illuminate\\Auth\\Middleware\\Authenticate->handle(Object(Illuminate\\Http\\Request), Object(Closure), 'sanctum')
#10 /Applications/XAMPP/xamppfiles/htdocs/ChuyenDeWeb1/Lab2/php-docker-dev/source/TDC_Sharing/backend/vendor/laravel/framework/src/Illuminate/Pipeline/Pipeline.php(137): Illuminate\\Pipeline\\Pipeline->Illuminate\\Pipeline\\{closure}(Object(Illuminate\\Http\\Request))
#11 /Applications/XAMPP/xamppfiles/htdocs/ChuyenDeWeb1/Lab2/php-docker-dev/source/TDC_Sharing/backend/vendor/laravel/framework/src/Illuminate/Routing/Router.php(821): Illuminate\\Pipeline\\Pipeline->then(Object(Closure))
#12 /Applications/XAMPP/xamppfiles/htdocs/ChuyenDeWeb1/Lab2/php-docker-dev/source/TDC_Sharing/backend/vendor/laravel/framework/src/Illuminate/Routing/Router.php(800): Illuminate\\Routing\\Router->runRouteWithinStack(Object(Illuminate\\Routing\\Route), Object(Illuminate\\Http\\Request))
#13 /Applications/XAMPP/xamppfiles/htdocs/ChuyenDeWeb1/Lab2/php-docker-dev/source/TDC_Sharing/backend/vendor/laravel/framework/src/Illuminate/Routing/Router.php(764): Illuminate\\Routing\\Router->runRoute(Object(Illuminate\\Http\\Request), Object(Illuminate\\Routing\\Route))
#14 /Applications/XAMPP/xamppfiles/htdocs/ChuyenDeWeb1/Lab2/php-docker-dev/source/TDC_Sharing/backend/vendor/laravel/framework/src/Illuminate/Routing/Router.php(753): Illuminate\\Routing\\Router->dispatchToRoute(Object(Illuminate\\Http\\Request))
#15 /Applications/XAMPP/xamppfiles/htdocs/ChuyenDeWeb1/Lab2/php-docker-dev/source/TDC_Sharing/backend/vendor/laravel/framework/src/Illuminate/Foundation/Http/Kernel.php(200): Illuminate\\Routing\\Router->dispatch(Object(Illuminate\\Http\\Request))
#16 /Applications/XAMPP/xamppfiles/htdocs/ChuyenDeWeb1/Lab2/php-docker-dev/source/TDC_Sharing/backend/vendor/laravel/framework/src/Illuminate/Pipeline/Pipeline.php(180): Illuminate\\Foundation\\Http\\Kernel->Illuminate\\Foundation\\Http\\{closure}(Object(Illuminate\\Http\\Request))
#17 /Applications/XAMPP/xamppfiles/htdocs/ChuyenDeWeb1/Lab2/php-docker-dev/source/TDC_Sharing/backend/vendor/laravel/framework/src/Illuminate/Foundation/Http/Middleware/TransformsRequest.php(21): Illuminate\\Pipeline\\Pipeline->Illuminate\\Pipeline\\{closure}(Object(Illuminate\\Http\\Request))
#18 /Applications/XAMPP/xamppfiles/htdocs/ChuyenDeWeb1/Lab2/php-docker-dev/source/TDC_Sharing/backend/vendor/laravel/framework/src/Illuminate/Foundation/Http/Middleware/ConvertEmptyStringsToNull.php(31): Illuminate\\Foundation\\Http\\Middleware\\TransformsRequest->handle(Object(Illuminate\\Http\\Request), Object(Closure))
#19 /Applications/XAMPP/xamppfiles/htdocs/ChuyenDeWeb1/Lab2/php-docker-dev/source/TDC_Sharing/backend/vendor/laravel/framework/src/Illuminate/Pipeline/Pipeline.php(219): Illuminate\\Foundation\\Http\\Middleware\\ConvertEmptyStringsToNull->handle(Object(Illuminate\\Http\\Request), Object(Closure))
#20 /Applications/XAMPP/xamppfiles/htdocs/ChuyenDeWeb1/Lab2/php-docker-dev/source/TDC_Sharing/backend/vendor/laravel/framework/src/Illuminate/Foundation/Http/Middleware/TransformsRequest.php(21): Illuminate\\Pipeline\\Pipeline->Illuminate\\Pipeline\\{closure}(Object(Illuminate\\Http\\Request))
#21 /Applications/XAMPP/xamppfiles/htdocs/ChuyenDeWeb1/Lab2/php-docker-dev/source/TDC_Sharing/backend/vendor/laravel/framework/src/Illuminate/Foundation/Http/Middleware/TrimStrings.php(51): Illuminate\\Foundation\\Http\\Middleware\\TransformsRequest->handle(Object(Illuminate\\Http\\Request), Object(Closure))
#22 /Applications/XAMPP/xamppfiles/htdocs/ChuyenDeWeb1/Lab2/php-docker-dev/source/TDC_Sharing/backend/vendor/laravel/framework/src/Illuminate/Pipeline/Pipeline.php(219): Illuminate\\Foundation\\Http\\Middleware\\TrimStrings->handle(Object(Illuminate\\Http\\Request), Object(Closure))
#23 /Applications/XAMPP/xamppfiles/htdocs/ChuyenDeWeb1/Lab2/php-docker-dev/source/TDC_Sharing/backend/vendor/laravel/framework/src/Illuminate/Http/Middleware/ValidatePostSize.php(27): Illuminate\\Pipeline\\Pipeline->Illuminate\\Pipeline\\{closure}(Object(Illuminate\\Http\\Request))
#24 /Applications/XAMPP/xamppfiles/htdocs/ChuyenDeWeb1/Lab2/php-docker-dev/source/TDC_Sharing/backend/vendor/laravel/framework/src/Illuminate/Pipeline/Pipeline.php(219): Illuminate\\Http\\Middleware\\ValidatePostSize->handle(Object(Illuminate\\Http\\Request), Object(Closure))
#25 /Applications/XAMPP/xamppfiles/htdocs/ChuyenDeWeb1/Lab2/php-docker-dev/source/TDC_Sharing/backend/vendor/laravel/framework/src/Illuminate/Foundation/Http/Middleware/PreventRequestsDuringMaintenance.php(109): Illuminate\\Pipeline\\Pipeline->Illuminate\\Pipeline\\{closure}(Object(Illuminate\\Http\\Request))
#26 /Applications/XAMPP/xamppfiles/htdocs/ChuyenDeWeb1/Lab2/php-docker-dev/source/TDC_Sharing/backend/vendor/laravel/framework/src/Illuminate/Pipeline/Pipeline.php(219): Illuminate\\Foundation\\Http\\Middleware\\PreventRequestsDuringMaintenance->handle(Object(Illuminate\\Http\\Request), Object(Closure))
#27 /Applications/XAMPP/xamppfiles/htdocs/ChuyenDeWeb1/Lab2/php-docker-dev/source/TDC_Sharing/backend/vendor/laravel/framework/src/Illuminate/Http/Middleware/HandleCors.php(61): Illuminate\\Pipeline\\Pipeline->Illuminate\\Pipeline\\{closure}(Object(Illuminate\\Http\\Request))
#28 /Applications/XAMPP/xamppfiles/htdocs/ChuyenDeWeb1/Lab2/php-docker-dev/source/TDC_Sharing/backend/vendor/laravel/framework/src/Illuminate/Pipeline/Pipeline.php(219): Illuminate\\Http\\Middleware\\HandleCors->handle(Object(Illuminate\\Http\\Request), Object(Closure))
#29 /Applications/XAMPP/xamppfiles/htdocs/ChuyenDeWeb1/Lab2/php-docker-dev/source/TDC_Sharing/backend/vendor/laravel/framework/src/Illuminate/Http/Middleware/TrustProxies.php(58): Illuminate\\Pipeline\\Pipeline->Illuminate\\Pipeline\\{closure}(Object(Illuminate\\Http\\Request))
#30 /Applications/XAMPP/xamppfiles/htdocs/ChuyenDeWeb1/Lab2/php-docker-dev/source/TDC_Sharing/backend/vendor/laravel/framework/src/Illuminate/Pipeline/Pipeline.php(219): Illuminate\\Http\\Middleware\\TrustProxies->handle(Object(Illuminate\\Http\\Request), Object(Closure))
#31 /Applications/XAMPP/xamppfiles/htdocs/ChuyenDeWeb1/Lab2/php-docker-dev/source/TDC_Sharing/backend/vendor/laravel/framework/src/Illuminate/Foundation/Http/Middleware/InvokeDeferredCallbacks.php(22): Illuminate\\Pipeline\\Pipeline->Illuminate\\Pipeline\\{closure}(Object(Illuminate\\Http\\Request))
#32 /Applications/XAMPP/xamppfiles/htdocs/ChuyenDeWeb1/Lab2/php-docker-dev/source/TDC_Sharing/backend/vendor/laravel/framework/src/Illuminate/Pipeline/Pipeline.php(219): Illuminate\\Foundation\\Http\\Middleware\\InvokeDeferredCallbacks->handle(Object(Illuminate\\Http\\Request), Object(Closure))
#33 /Applications/XAMPP/xamppfiles/htdocs/ChuyenDeWeb1/Lab2/php-docker-dev/source/TDC_Sharing/backend/vendor/laravel/framework/src/Illuminate/Http/Middleware/ValidatePathEncoding.php(26): Illuminate\\Pipeline\\Pipeline->Illuminate\\Pipeline\\{closure}(Object(Illuminate\\Http\\Request))
#34 /Applications/XAMPP/xamppfiles/htdocs/ChuyenDeWeb1/Lab2/php-docker-dev/source/TDC_Sharing/backend/vendor/laravel/framework/src/Illuminate/Pipeline/Pipeline.php(219): Illuminate\\Http\\Middleware\\ValidatePathEncoding->handle(Object(Illuminate\\Http\\Request), Object(Closure))
#35 /Applications/XAMPP/xamppfiles/htdocs/ChuyenDeWeb1/Lab2/php-docker-dev/source/TDC_Sharing/backend/vendor/laravel/framework/src/Illuminate/Pipeline/Pipeline.php(137): Illuminate\\Pipeline\\Pipeline->Illuminate\\Pipeline\\{closure}(Object(Illuminate\\Http\\Request))
#36 /Applications/XAMPP/xamppfiles/htdocs/ChuyenDeWeb1/Lab2/php-docker-dev/source/TDC_Sharing/backend/vendor/laravel/framework/src/Illuminate/Foundation/Http/Kernel.php(175): Illuminate\\Pipeline\\Pipeline->then(Object(Closure))
#37 /Applications/XAMPP/xamppfiles/htdocs/ChuyenDeWeb1/Lab2/php-docker-dev/source/TDC_Sharing/backend/vendor/laravel/framework/src/Illuminate/Foundation/Http/Kernel.php(144): Illuminate\\Foundation\\Http\\Kernel->sendRequestThroughRouter(Object(Illuminate\\Http\\Request))
#38 /Applications/XAMPP/xamppfiles/htdocs/ChuyenDeWeb1/Lab2/php-docker-dev/source/TDC_Sharing/backend/vendor/laravel/framework/src/Illuminate/Foundation/Application.php(1220): Illuminate\\Foundation\\Http\\Kernel->handle(Object(Illuminate\\Http\\Request))
#39 /Applications/XAMPP/xamppfiles/htdocs/ChuyenDeWeb1/Lab2/php-docker-dev/source/TDC_Sharing/backend/public/index.php(20): Illuminate\\Foundation\\Application->handleRequest(Object(Illuminate\\Http\\Request))
#40 /Applications/XAMPP/xamppfiles/htdocs/ChuyenDeWeb1/Lab2/php-docker-dev/source/TDC_Sharing/backend/vendor/laravel/framework/src/Illuminate/Foundation/resources/server.php(23): require_once('/Applications/X...')
#41 {main}
"} 
[2025-10-26 10:10:23] local.ERROR: Class "App\Http\Resources\ReviewResource" not found {"userId":1,"exception":"[object] (Error(code: 0): Class \"App\\Http\\Resources\\ReviewResource\" not found at /Applications/XAMPP/xamppfiles/htdocs/ChuyenDeWeb1/Lab2/php-docker-dev/source/TDC_Sharing/backend/app/Http/Controllers/Api/ReviewController.php:117)
[stacktrace]
#0 /Applications/XAMPP/xamppfiles/htdocs/ChuyenDeWeb1/Lab2/php-docker-dev/source/TDC_Sharing/backend/vendor/laravel/framework/src/Illuminate/Routing/Controller.php(54): App\\Http\\Controllers\\Api\\ReviewController->update(Object(App\\Http\\Requests\\UpdateReviewRequest), Object(App\\Models\\Review))
#1 /Applications/XAMPP/xamppfiles/htdocs/ChuyenDeWeb1/Lab2/php-docker-dev/source/TDC_Sharing/backend/vendor/laravel/framework/src/Illuminate/Routing/ControllerDispatcher.php(43): Illuminate\\Routing\\Controller->callAction('update', Array)
#2 /Applications/XAMPP/xamppfiles/htdocs/ChuyenDeWeb1/Lab2/php-docker-dev/source/TDC_Sharing/backend/vendor/laravel/framework/src/Illuminate/Routing/Route.php(265): Illuminate\\Routing\\ControllerDispatcher->dispatch(Object(Illuminate\\Routing\\Route), Object(App\\Http\\Controllers\\Api\\ReviewController), 'update')
#3 /Applications/XAMPP/xamppfiles/htdocs/ChuyenDeWeb1/Lab2/php-docker-dev/source/TDC_Sharing/backend/vendor/laravel/framework/src/Illuminate/Routing/Route.php(211): Illuminate\\Routing\\Route->runController()
#4 /Applications/XAMPP/xamppfiles/htdocs/ChuyenDeWeb1/Lab2/php-docker-dev/source/TDC_Sharing/backend/vendor/laravel/framework/src/Illuminate/Routing/Router.php(822): Illuminate\\Routing\\Route->run()
#5 /Applications/XAMPP/xamppfiles/htdocs/ChuyenDeWeb1/Lab2/php-docker-dev/source/TDC_Sharing/backend/vendor/laravel/framework/src/Illuminate/Pipeline/Pipeline.php(180): Illuminate\\Routing\\Router->Illuminate\\Routing\\{closure}(Object(Illuminate\\Http\\Request))
#6 /Applications/XAMPP/xamppfiles/htdocs/ChuyenDeWeb1/Lab2/php-docker-dev/source/TDC_Sharing/backend/vendor/laravel/framework/src/Illuminate/Routing/Middleware/SubstituteBindings.php(50): Illuminate\\Pipeline\\Pipeline->Illuminate\\Pipeline\\{closure}(Object(Illuminate\\Http\\Request))
#7 /Applications/XAMPP/xamppfiles/htdocs/ChuyenDeWeb1/Lab2/php-docker-dev/source/TDC_Sharing/backend/vendor/laravel/framework/src/Illuminate/Pipeline/Pipeline.php(219): Illuminate\\Routing\\Middleware\\SubstituteBindings->handle(Object(Illuminate\\Http\\Request), Object(Closure))
#8 /Applications/XAMPP/xamppfiles/htdocs/ChuyenDeWeb1/Lab2/php-docker-dev/source/TDC_Sharing/backend/vendor/laravel/framework/src/Illuminate/Auth/Middleware/Authenticate.php(63): Illuminate\\Pipeline\\Pipeline->Illuminate\\Pipeline\\{closure}(Object(Illuminate\\Http\\Request))
#9 /Applications/XAMPP/xamppfiles/htdocs/ChuyenDeWeb1/Lab2/php-docker-dev/source/TDC_Sharing/backend/vendor/laravel/framework/src/Illuminate/Pipeline/Pipeline.php(219): Illuminate\\Auth\\Middleware\\Authenticate->handle(Object(Illuminate\\Http\\Request), Object(Closure), 'sanctum')
#10 /Applications/XAMPP/xamppfiles/htdocs/ChuyenDeWeb1/Lab2/php-docker-dev/source/TDC_Sharing/backend/vendor/laravel/framework/src/Illuminate/Pipeline/Pipeline.php(137): Illuminate\\Pipeline\\Pipeline->Illuminate\\Pipeline\\{closure}(Object(Illuminate\\Http\\Request))
#11 /Applications/XAMPP/xamppfiles/htdocs/ChuyenDeWeb1/Lab2/php-docker-dev/source/TDC_Sharing/backend/vendor/laravel/framework/src/Illuminate/Routing/Router.php(821): Illuminate\\Pipeline\\Pipeline->then(Object(Closure))
#12 /Applications/XAMPP/xamppfiles/htdocs/ChuyenDeWeb1/Lab2/php-docker-dev/source/TDC_Sharing/backend/vendor/laravel/framework/src/Illuminate/Routing/Router.php(800): Illuminate\\Routing\\Router->runRouteWithinStack(Object(Illuminate\\Routing\\Route), Object(Illuminate\\Http\\Request))
#13 /Applications/XAMPP/xamppfiles/htdocs/ChuyenDeWeb1/Lab2/php-docker-dev/source/TDC_Sharing/backend/vendor/laravel/framework/src/Illuminate/Routing/Router.php(764): Illuminate\\Routing\\Router->runRoute(Object(Illuminate\\Http\\Request), Object(Illuminate\\Routing\\Route))
#14 /Applications/XAMPP/xamppfiles/htdocs/ChuyenDeWeb1/Lab2/php-docker-dev/source/TDC_Sharing/backend/vendor/laravel/framework/src/Illuminate/Routing/Router.php(753): Illuminate\\Routing\\Router->dispatchToRoute(Object(Illuminate\\Http\\Request))
#15 /Applications/XAMPP/xamppfiles/htdocs/ChuyenDeWeb1/Lab2/php-docker-dev/source/TDC_Sharing/backend/vendor/laravel/framework/src/Illuminate/Foundation/Http/Kernel.php(200): Illuminate\\Routing\\Router->dispatch(Object(Illuminate\\Http\\Request))
#16 /Applications/XAMPP/xamppfiles/htdocs/ChuyenDeWeb1/Lab2/php-docker-dev/source/TDC_Sharing/backend/vendor/laravel/framework/src/Illuminate/Pipeline/Pipeline.php(180): Illuminate\\Foundation\\Http\\Kernel->Illuminate\\Foundation\\Http\\{closure}(Object(Illuminate\\Http\\Request))
#17 /Applications/XAMPP/xamppfiles/htdocs/ChuyenDeWeb1/Lab2/php-docker-dev/source/TDC_Sharing/backend/vendor/laravel/framework/src/Illuminate/Foundation/Http/Middleware/TransformsRequest.php(21): Illuminate\\Pipeline\\Pipeline->Illuminate\\Pipeline\\{closure}(Object(Illuminate\\Http\\Request))
#18 /Applications/XAMPP/xamppfiles/htdocs/ChuyenDeWeb1/Lab2/php-docker-dev/source/TDC_Sharing/backend/vendor/laravel/framework/src/Illuminate/Foundation/Http/Middleware/ConvertEmptyStringsToNull.php(31): Illuminate\\Foundation\\Http\\Middleware\\TransformsRequest->handle(Object(Illuminate\\Http\\Request), Object(Closure))
#19 /Applications/XAMPP/xamppfiles/htdocs/ChuyenDeWeb1/Lab2/php-docker-dev/source/TDC_Sharing/backend/vendor/laravel/framework/src/Illuminate/Pipeline/Pipeline.php(219): Illuminate\\Foundation\\Http\\Middleware\\ConvertEmptyStringsToNull->handle(Object(Illuminate\\Http\\Request), Object(Closure))
#20 /Applications/XAMPP/xamppfiles/htdocs/ChuyenDeWeb1/Lab2/php-docker-dev/source/TDC_Sharing/backend/vendor/laravel/framework/src/Illuminate/Foundation/Http/Middleware/TransformsRequest.php(21): Illuminate\\Pipeline\\Pipeline->Illuminate\\Pipeline\\{closure}(Object(Illuminate\\Http\\Request))
#21 /Applications/XAMPP/xamppfiles/htdocs/ChuyenDeWeb1/Lab2/php-docker-dev/source/TDC_Sharing/backend/vendor/laravel/framework/src/Illuminate/Foundation/Http/Middleware/TrimStrings.php(51): Illuminate\\Foundation\\Http\\Middleware\\TransformsRequest->handle(Object(Illuminate\\Http\\Request), Object(Closure))
#22 /Applications/XAMPP/xamppfiles/htdocs/ChuyenDeWeb1/Lab2/php-docker-dev/source/TDC_Sharing/backend/vendor/laravel/framework/src/Illuminate/Pipeline/Pipeline.php(219): Illuminate\\Foundation\\Http\\Middleware\\TrimStrings->handle(Object(Illuminate\\Http\\Request), Object(Closure))
#23 /Applications/XAMPP/xamppfiles/htdocs/ChuyenDeWeb1/Lab2/php-docker-dev/source/TDC_Sharing/backend/vendor/laravel/framework/src/Illuminate/Http/Middleware/ValidatePostSize.php(27): Illuminate\\Pipeline\\Pipeline->Illuminate\\Pipeline\\{closure}(Object(Illuminate\\Http\\Request))
#24 /Applications/XAMPP/xamppfiles/htdocs/ChuyenDeWeb1/Lab2/php-docker-dev/source/TDC_Sharing/backend/vendor/laravel/framework/src/Illuminate/Pipeline/Pipeline.php(219): Illuminate\\Http\\Middleware\\ValidatePostSize->handle(Object(Illuminate\\Http\\Request), Object(Closure))
#25 /Applications/XAMPP/xamppfiles/htdocs/ChuyenDeWeb1/Lab2/php-docker-dev/source/TDC_Sharing/backend/vendor/laravel/framework/src/Illuminate/Foundation/Http/Middleware/PreventRequestsDuringMaintenance.php(109): Illuminate\\Pipeline\\Pipeline->Illuminate\\Pipeline\\{closure}(Object(Illuminate\\Http\\Request))
#26 /Applications/XAMPP/xamppfiles/htdocs/ChuyenDeWeb1/Lab2/php-docker-dev/source/TDC_Sharing/backend/vendor/laravel/framework/src/Illuminate/Pipeline/Pipeline.php(219): Illuminate\\Foundation\\Http\\Middleware\\PreventRequestsDuringMaintenance->handle(Object(Illuminate\\Http\\Request), Object(Closure))
#27 /Applications/XAMPP/xamppfiles/htdocs/ChuyenDeWeb1/Lab2/php-docker-dev/source/TDC_Sharing/backend/vendor/laravel/framework/src/Illuminate/Http/Middleware/HandleCors.php(61): Illuminate\\Pipeline\\Pipeline->Illuminate\\Pipeline\\{closure}(Object(Illuminate\\Http\\Request))
#28 /Applications/XAMPP/xamppfiles/htdocs/ChuyenDeWeb1/Lab2/php-docker-dev/source/TDC_Sharing/backend/vendor/laravel/framework/src/Illuminate/Pipeline/Pipeline.php(219): Illuminate\\Http\\Middleware\\HandleCors->handle(Object(Illuminate\\Http\\Request), Object(Closure))
#29 /Applications/XAMPP/xamppfiles/htdocs/ChuyenDeWeb1/Lab2/php-docker-dev/source/TDC_Sharing/backend/vendor/laravel/framework/src/Illuminate/Http/Middleware/TrustProxies.php(58): Illuminate\\Pipeline\\Pipeline->Illuminate\\Pipeline\\{closure}(Object(Illuminate\\Http\\Request))
#30 /Applications/XAMPP/xamppfiles/htdocs/ChuyenDeWeb1/Lab2/php-docker-dev/source/TDC_Sharing/backend/vendor/laravel/framework/src/Illuminate/Pipeline/Pipeline.php(219): Illuminate\\Http\\Middleware\\TrustProxies->handle(Object(Illuminate\\Http\\Request), Object(Closure))
#31 /Applications/XAMPP/xamppfiles/htdocs/ChuyenDeWeb1/Lab2/php-docker-dev/source/TDC_Sharing/backend/vendor/laravel/framework/src/Illuminate/Foundation/Http/Middleware/InvokeDeferredCallbacks.php(22): Illuminate\\Pipeline\\Pipeline->Illuminate\\Pipeline\\{closure}(Object(Illuminate\\Http\\Request))
#32 /Applications/XAMPP/xamppfiles/htdocs/ChuyenDeWeb1/Lab2/php-docker-dev/source/TDC_Sharing/backend/vendor/laravel/framework/src/Illuminate/Pipeline/Pipeline.php(219): Illuminate\\Foundation\\Http\\Middleware\\InvokeDeferredCallbacks->handle(Object(Illuminate\\Http\\Request), Object(Closure))
#33 /Applications/XAMPP/xamppfiles/htdocs/ChuyenDeWeb1/Lab2/php-docker-dev/source/TDC_Sharing/backend/vendor/laravel/framework/src/Illuminate/Http/Middleware/ValidatePathEncoding.php(26): Illuminate\\Pipeline\\Pipeline->Illuminate\\Pipeline\\{closure}(Object(Illuminate\\Http\\Request))
#34 /Applications/XAMPP/xamppfiles/htdocs/ChuyenDeWeb1/Lab2/php-docker-dev/source/TDC_Sharing/backend/vendor/laravel/framework/src/Illuminate/Pipeline/Pipeline.php(219): Illuminate\\Http\\Middleware\\ValidatePathEncoding->handle(Object(Illuminate\\Http\\Request), Object(Closure))
#35 /Applications/XAMPP/xamppfiles/htdocs/ChuyenDeWeb1/Lab2/php-docker-dev/source/TDC_Sharing/backend/vendor/laravel/framework/src/Illuminate/Pipeline/Pipeline.php(137): Illuminate\\Pipeline\\Pipeline->Illuminate\\Pipeline\\{closure}(Object(Illuminate\\Http\\Request))
#36 /Applications/XAMPP/xamppfiles/htdocs/ChuyenDeWeb1/Lab2/php-docker-dev/source/TDC_Sharing/backend/vendor/laravel/framework/src/Illuminate/Foundation/Http/Kernel.php(175): Illuminate\\Pipeline\\Pipeline->then(Object(Closure))
#37 /Applications/XAMPP/xamppfiles/htdocs/ChuyenDeWeb1/Lab2/php-docker-dev/source/TDC_Sharing/backend/vendor/laravel/framework/src/Illuminate/Foundation/Http/Kernel.php(144): Illuminate\\Foundation\\Http\\Kernel->sendRequestThroughRouter(Object(Illuminate\\Http\\Request))
#38 /Applications/XAMPP/xamppfiles/htdocs/ChuyenDeWeb1/Lab2/php-docker-dev/source/TDC_Sharing/backend/vendor/laravel/framework/src/Illuminate/Foundation/Application.php(1220): Illuminate\\Foundation\\Http\\Kernel->handle(Object(Illuminate\\Http\\Request))
#39 /Applications/XAMPP/xamppfiles/htdocs/ChuyenDeWeb1/Lab2/php-docker-dev/source/TDC_Sharing/backend/public/index.php(20): Illuminate\\Foundation\\Application->handleRequest(Object(Illuminate\\Http\\Request))
#40 /Applications/XAMPP/xamppfiles/htdocs/ChuyenDeWeb1/Lab2/php-docker-dev/source/TDC_Sharing/backend/vendor/laravel/framework/src/Illuminate/Foundation/resources/server.php(23): require_once('/Applications/X...')
#41 {main}
"} 
[2025-10-26 10:10:55] local.ERROR: Class "App\Http\Resources\ReviewResource" not found {"userId":1,"exception":"[object] (Error(code: 0): Class \"App\\Http\\Resources\\ReviewResource\" not found at /Applications/XAMPP/xamppfiles/htdocs/ChuyenDeWeb1/Lab2/php-docker-dev/source/TDC_Sharing/backend/app/Http/Controllers/Api/ReviewController.php:117)
[stacktrace]
#0 /Applications/XAMPP/xamppfiles/htdocs/ChuyenDeWeb1/Lab2/php-docker-dev/source/TDC_Sharing/backend/vendor/laravel/framework/src/Illuminate/Routing/Controller.php(54): App\\Http\\Controllers\\Api\\ReviewController->update(Object(App\\Http\\Requests\\UpdateReviewRequest), Object(App\\Models\\Review))
#1 /Applications/XAMPP/xamppfiles/htdocs/ChuyenDeWeb1/Lab2/php-docker-dev/source/TDC_Sharing/backend/vendor/laravel/framework/src/Illuminate/Routing/ControllerDispatcher.php(43): Illuminate\\Routing\\Controller->callAction('update', Array)
#2 /Applications/XAMPP/xamppfiles/htdocs/ChuyenDeWeb1/Lab2/php-docker-dev/source/TDC_Sharing/backend/vendor/laravel/framework/src/Illuminate/Routing/Route.php(265): Illuminate\\Routing\\ControllerDispatcher->dispatch(Object(Illuminate\\Routing\\Route), Object(App\\Http\\Controllers\\Api\\ReviewController), 'update')
#3 /Applications/XAMPP/xamppfiles/htdocs/ChuyenDeWeb1/Lab2/php-docker-dev/source/TDC_Sharing/backend/vendor/laravel/framework/src/Illuminate/Routing/Route.php(211): Illuminate\\Routing\\Route->runController()
#4 /Applications/XAMPP/xamppfiles/htdocs/ChuyenDeWeb1/Lab2/php-docker-dev/source/TDC_Sharing/backend/vendor/laravel/framework/src/Illuminate/Routing/Router.php(822): Illuminate\\Routing\\Route->run()
#5 /Applications/XAMPP/xamppfiles/htdocs/ChuyenDeWeb1/Lab2/php-docker-dev/source/TDC_Sharing/backend/vendor/laravel/framework/src/Illuminate/Pipeline/Pipeline.php(180): Illuminate\\Routing\\Router->Illuminate\\Routing\\{closure}(Object(Illuminate\\Http\\Request))
#6 /Applications/XAMPP/xamppfiles/htdocs/ChuyenDeWeb1/Lab2/php-docker-dev/source/TDC_Sharing/backend/vendor/laravel/framework/src/Illuminate/Routing/Middleware/SubstituteBindings.php(50): Illuminate\\Pipeline\\Pipeline->Illuminate\\Pipeline\\{closure}(Object(Illuminate\\Http\\Request))
#7 /Applications/XAMPP/xamppfiles/htdocs/ChuyenDeWeb1/Lab2/php-docker-dev/source/TDC_Sharing/backend/vendor/laravel/framework/src/Illuminate/Pipeline/Pipeline.php(219): Illuminate\\Routing\\Middleware\\SubstituteBindings->handle(Object(Illuminate\\Http\\Request), Object(Closure))
#8 /Applications/XAMPP/xamppfiles/htdocs/ChuyenDeWeb1/Lab2/php-docker-dev/source/TDC_Sharing/backend/vendor/laravel/framework/src/Illuminate/Auth/Middleware/Authenticate.php(63): Illuminate\\Pipeline\\Pipeline->Illuminate\\Pipeline\\{closure}(Object(Illuminate\\Http\\Request))
#9 /Applications/XAMPP/xamppfiles/htdocs/ChuyenDeWeb1/Lab2/php-docker-dev/source/TDC_Sharing/backend/vendor/laravel/framework/src/Illuminate/Pipeline/Pipeline.php(219): Illuminate\\Auth\\Middleware\\Authenticate->handle(Object(Illuminate\\Http\\Request), Object(Closure), 'sanctum')
#10 /Applications/XAMPP/xamppfiles/htdocs/ChuyenDeWeb1/Lab2/php-docker-dev/source/TDC_Sharing/backend/vendor/laravel/framework/src/Illuminate/Pipeline/Pipeline.php(137): Illuminate\\Pipeline\\Pipeline->Illuminate\\Pipeline\\{closure}(Object(Illuminate\\Http\\Request))
#11 /Applications/XAMPP/xamppfiles/htdocs/ChuyenDeWeb1/Lab2/php-docker-dev/source/TDC_Sharing/backend/vendor/laravel/framework/src/Illuminate/Routing/Router.php(821): Illuminate\\Pipeline\\Pipeline->then(Object(Closure))
#12 /Applications/XAMPP/xamppfiles/htdocs/ChuyenDeWeb1/Lab2/php-docker-dev/source/TDC_Sharing/backend/vendor/laravel/framework/src/Illuminate/Routing/Router.php(800): Illuminate\\Routing\\Router->runRouteWithinStack(Object(Illuminate\\Routing\\Route), Object(Illuminate\\Http\\Request))
#13 /Applications/XAMPP/xamppfiles/htdocs/ChuyenDeWeb1/Lab2/php-docker-dev/source/TDC_Sharing/backend/vendor/laravel/framework/src/Illuminate/Routing/Router.php(764): Illuminate\\Routing\\Router->runRoute(Object(Illuminate\\Http\\Request), Object(Illuminate\\Routing\\Route))
#14 /Applications/XAMPP/xamppfiles/htdocs/ChuyenDeWeb1/Lab2/php-docker-dev/source/TDC_Sharing/backend/vendor/laravel/framework/src/Illuminate/Routing/Router.php(753): Illuminate\\Routing\\Router->dispatchToRoute(Object(Illuminate\\Http\\Request))
#15 /Applications/XAMPP/xamppfiles/htdocs/ChuyenDeWeb1/Lab2/php-docker-dev/source/TDC_Sharing/backend/vendor/laravel/framework/src/Illuminate/Foundation/Http/Kernel.php(200): Illuminate\\Routing\\Router->dispatch(Object(Illuminate\\Http\\Request))
#16 /Applications/XAMPP/xamppfiles/htdocs/ChuyenDeWeb1/Lab2/php-docker-dev/source/TDC_Sharing/backend/vendor/laravel/framework/src/Illuminate/Pipeline/Pipeline.php(180): Illuminate\\Foundation\\Http\\Kernel->Illuminate\\Foundation\\Http\\{closure}(Object(Illuminate\\Http\\Request))
#17 /Applications/XAMPP/xamppfiles/htdocs/ChuyenDeWeb1/Lab2/php-docker-dev/source/TDC_Sharing/backend/vendor/laravel/framework/src/Illuminate/Foundation/Http/Middleware/TransformsRequest.php(21): Illuminate\\Pipeline\\Pipeline->Illuminate\\Pipeline\\{closure}(Object(Illuminate\\Http\\Request))
#18 /Applications/XAMPP/xamppfiles/htdocs/ChuyenDeWeb1/Lab2/php-docker-dev/source/TDC_Sharing/backend/vendor/laravel/framework/src/Illuminate/Foundation/Http/Middleware/ConvertEmptyStringsToNull.php(31): Illuminate\\Foundation\\Http\\Middleware\\TransformsRequest->handle(Object(Illuminate\\Http\\Request), Object(Closure))
#19 /Applications/XAMPP/xamppfiles/htdocs/ChuyenDeWeb1/Lab2/php-docker-dev/source/TDC_Sharing/backend/vendor/laravel/framework/src/Illuminate/Pipeline/Pipeline.php(219): Illuminate\\Foundation\\Http\\Middleware\\ConvertEmptyStringsToNull->handle(Object(Illuminate\\Http\\Request), Object(Closure))
#20 /Applications/XAMPP/xamppfiles/htdocs/ChuyenDeWeb1/Lab2/php-docker-dev/source/TDC_Sharing/backend/vendor/laravel/framework/src/Illuminate/Foundation/Http/Middleware/TransformsRequest.php(21): Illuminate\\Pipeline\\Pipeline->Illuminate\\Pipeline\\{closure}(Object(Illuminate\\Http\\Request))
#21 /Applications/XAMPP/xamppfiles/htdocs/ChuyenDeWeb1/Lab2/php-docker-dev/source/TDC_Sharing/backend/vendor/laravel/framework/src/Illuminate/Foundation/Http/Middleware/TrimStrings.php(51): Illuminate\\Foundation\\Http\\Middleware\\TransformsRequest->handle(Object(Illuminate\\Http\\Request), Object(Closure))
#22 /Applications/XAMPP/xamppfiles/htdocs/ChuyenDeWeb1/Lab2/php-docker-dev/source/TDC_Sharing/backend/vendor/laravel/framework/src/Illuminate/Pipeline/Pipeline.php(219): Illuminate\\Foundation\\Http\\Middleware\\TrimStrings->handle(Object(Illuminate\\Http\\Request), Object(Closure))
#23 /Applications/XAMPP/xamppfiles/htdocs/ChuyenDeWeb1/Lab2/php-docker-dev/source/TDC_Sharing/backend/vendor/laravel/framework/src/Illuminate/Http/Middleware/ValidatePostSize.php(27): Illuminate\\Pipeline\\Pipeline->Illuminate\\Pipeline\\{closure}(Object(Illuminate\\Http\\Request))
#24 /Applications/XAMPP/xamppfiles/htdocs/ChuyenDeWeb1/Lab2/php-docker-dev/source/TDC_Sharing/backend/vendor/laravel/framework/src/Illuminate/Pipeline/Pipeline.php(219): Illuminate\\Http\\Middleware\\ValidatePostSize->handle(Object(Illuminate\\Http\\Request), Object(Closure))
#25 /Applications/XAMPP/xamppfiles/htdocs/ChuyenDeWeb1/Lab2/php-docker-dev/source/TDC_Sharing/backend/vendor/laravel/framework/src/Illuminate/Foundation/Http/Middleware/PreventRequestsDuringMaintenance.php(109): Illuminate\\Pipeline\\Pipeline->Illuminate\\Pipeline\\{closure}(Object(Illuminate\\Http\\Request))
#26 /Applications/XAMPP/xamppfiles/htdocs/ChuyenDeWeb1/Lab2/php-docker-dev/source/TDC_Sharing/backend/vendor/laravel/framework/src/Illuminate/Pipeline/Pipeline.php(219): Illuminate\\Foundation\\Http\\Middleware\\PreventRequestsDuringMaintenance->handle(Object(Illuminate\\Http\\Request), Object(Closure))
#27 /Applications/XAMPP/xamppfiles/htdocs/ChuyenDeWeb1/Lab2/php-docker-dev/source/TDC_Sharing/backend/vendor/laravel/framework/src/Illuminate/Http/Middleware/HandleCors.php(61): Illuminate\\Pipeline\\Pipeline->Illuminate\\Pipeline\\{closure}(Object(Illuminate\\Http\\Request))
#28 /Applications/XAMPP/xamppfiles/htdocs/ChuyenDeWeb1/Lab2/php-docker-dev/source/TDC_Sharing/backend/vendor/laravel/framework/src/Illuminate/Pipeline/Pipeline.php(219): Illuminate\\Http\\Middleware\\HandleCors->handle(Object(Illuminate\\Http\\Request), Object(Closure))
#29 /Applications/XAMPP/xamppfiles/htdocs/ChuyenDeWeb1/Lab2/php-docker-dev/source/TDC_Sharing/backend/vendor/laravel/framework/src/Illuminate/Http/Middleware/TrustProxies.php(58): Illuminate\\Pipeline\\Pipeline->Illuminate\\Pipeline\\{closure}(Object(Illuminate\\Http\\Request))
#30 /Applications/XAMPP/xamppfiles/htdocs/ChuyenDeWeb1/Lab2/php-docker-dev/source/TDC_Sharing/backend/vendor/laravel/framework/src/Illuminate/Pipeline/Pipeline.php(219): Illuminate\\Http\\Middleware\\TrustProxies->handle(Object(Illuminate\\Http\\Request), Object(Closure))
#31 /Applications/XAMPP/xamppfiles/htdocs/ChuyenDeWeb1/Lab2/php-docker-dev/source/TDC_Sharing/backend/vendor/laravel/framework/src/Illuminate/Foundation/Http/Middleware/InvokeDeferredCallbacks.php(22): Illuminate\\Pipeline\\Pipeline->Illuminate\\Pipeline\\{closure}(Object(Illuminate\\Http\\Request))
#32 /Applications/XAMPP/xamppfiles/htdocs/ChuyenDeWeb1/Lab2/php-docker-dev/source/TDC_Sharing/backend/vendor/laravel/framework/src/Illuminate/Pipeline/Pipeline.php(219): Illuminate\\Foundation\\Http\\Middleware\\InvokeDeferredCallbacks->handle(Object(Illuminate\\Http\\Request), Object(Closure))
#33 /Applications/XAMPP/xamppfiles/htdocs/ChuyenDeWeb1/Lab2/php-docker-dev/source/TDC_Sharing/backend/vendor/laravel/framework/src/Illuminate/Http/Middleware/ValidatePathEncoding.php(26): Illuminate\\Pipeline\\Pipeline->Illuminate\\Pipeline\\{closure}(Object(Illuminate\\Http\\Request))
#34 /Applications/XAMPP/xamppfiles/htdocs/ChuyenDeWeb1/Lab2/php-docker-dev/source/TDC_Sharing/backend/vendor/laravel/framework/src/Illuminate/Pipeline/Pipeline.php(219): Illuminate\\Http\\Middleware\\ValidatePathEncoding->handle(Object(Illuminate\\Http\\Request), Object(Closure))
#35 /Applications/XAMPP/xamppfiles/htdocs/ChuyenDeWeb1/Lab2/php-docker-dev/source/TDC_Sharing/backend/vendor/laravel/framework/src/Illuminate/Pipeline/Pipeline.php(137): Illuminate\\Pipeline\\Pipeline->Illuminate\\Pipeline\\{closure}(Object(Illuminate\\Http\\Request))
#36 /Applications/XAMPP/xamppfiles/htdocs/ChuyenDeWeb1/Lab2/php-docker-dev/source/TDC_Sharing/backend/vendor/laravel/framework/src/Illuminate/Foundation/Http/Kernel.php(175): Illuminate\\Pipeline\\Pipeline->then(Object(Closure))
#37 /Applications/XAMPP/xamppfiles/htdocs/ChuyenDeWeb1/Lab2/php-docker-dev/source/TDC_Sharing/backend/vendor/laravel/framework/src/Illuminate/Foundation/Http/Kernel.php(144): Illuminate\\Foundation\\Http\\Kernel->sendRequestThroughRouter(Object(Illuminate\\Http\\Request))
#38 /Applications/XAMPP/xamppfiles/htdocs/ChuyenDeWeb1/Lab2/php-docker-dev/source/TDC_Sharing/backend/vendor/laravel/framework/src/Illuminate/Foundation/Application.php(1220): Illuminate\\Foundation\\Http\\Kernel->handle(Object(Illuminate\\Http\\Request))
#39 /Applications/XAMPP/xamppfiles/htdocs/ChuyenDeWeb1/Lab2/php-docker-dev/source/TDC_Sharing/backend/public/index.php(20): Illuminate\\Foundation\\Application->handleRequest(Object(Illuminate\\Http\\Request))
#40 /Applications/XAMPP/xamppfiles/htdocs/ChuyenDeWeb1/Lab2/php-docker-dev/source/TDC_Sharing/backend/vendor/laravel/framework/src/Illuminate/Foundation/resources/server.php(23): require_once('/Applications/X...')
#41 {main}
"} 
[2025-10-26 10:17:00] local.ERROR: Class "App\Http\Resources\ReviewResource" not found {"userId":1,"exception":"[object] (Error(code: 0): Class \"App\\Http\\Resources\\ReviewResource\" not found at /Applications/XAMPP/xamppfiles/htdocs/ChuyenDeWeb1/Lab2/php-docker-dev/source/TDC_Sharing/backend/app/Http/Controllers/Api/ReviewController.php:115)
[stacktrace]
#0 /Applications/XAMPP/xamppfiles/htdocs/ChuyenDeWeb1/Lab2/php-docker-dev/source/TDC_Sharing/backend/vendor/laravel/framework/src/Illuminate/Routing/Controller.php(54): App\\Http\\Controllers\\Api\\ReviewController->update(Object(App\\Http\\Requests\\UpdateReviewRequest), Object(App\\Models\\Review))
#1 /Applications/XAMPP/xamppfiles/htdocs/ChuyenDeWeb1/Lab2/php-docker-dev/source/TDC_Sharing/backend/vendor/laravel/framework/src/Illuminate/Routing/ControllerDispatcher.php(43): Illuminate\\Routing\\Controller->callAction('update', Array)
#2 /Applications/XAMPP/xamppfiles/htdocs/ChuyenDeWeb1/Lab2/php-docker-dev/source/TDC_Sharing/backend/vendor/laravel/framework/src/Illuminate/Routing/Route.php(265): Illuminate\\Routing\\ControllerDispatcher->dispatch(Object(Illuminate\\Routing\\Route), Object(App\\Http\\Controllers\\Api\\ReviewController), 'update')
#3 /Applications/XAMPP/xamppfiles/htdocs/ChuyenDeWeb1/Lab2/php-docker-dev/source/TDC_Sharing/backend/vendor/laravel/framework/src/Illuminate/Routing/Route.php(211): Illuminate\\Routing\\Route->runController()
#4 /Applications/XAMPP/xamppfiles/htdocs/ChuyenDeWeb1/Lab2/php-docker-dev/source/TDC_Sharing/backend/vendor/laravel/framework/src/Illuminate/Routing/Router.php(822): Illuminate\\Routing\\Route->run()
#5 /Applications/XAMPP/xamppfiles/htdocs/ChuyenDeWeb1/Lab2/php-docker-dev/source/TDC_Sharing/backend/vendor/laravel/framework/src/Illuminate/Pipeline/Pipeline.php(180): Illuminate\\Routing\\Router->Illuminate\\Routing\\{closure}(Object(Illuminate\\Http\\Request))
#6 /Applications/XAMPP/xamppfiles/htdocs/ChuyenDeWeb1/Lab2/php-docker-dev/source/TDC_Sharing/backend/vendor/laravel/framework/src/Illuminate/Routing/Middleware/SubstituteBindings.php(50): Illuminate\\Pipeline\\Pipeline->Illuminate\\Pipeline\\{closure}(Object(Illuminate\\Http\\Request))
#7 /Applications/XAMPP/xamppfiles/htdocs/ChuyenDeWeb1/Lab2/php-docker-dev/source/TDC_Sharing/backend/vendor/laravel/framework/src/Illuminate/Pipeline/Pipeline.php(219): Illuminate\\Routing\\Middleware\\SubstituteBindings->handle(Object(Illuminate\\Http\\Request), Object(Closure))
#8 /Applications/XAMPP/xamppfiles/htdocs/ChuyenDeWeb1/Lab2/php-docker-dev/source/TDC_Sharing/backend/vendor/laravel/framework/src/Illuminate/Auth/Middleware/Authenticate.php(63): Illuminate\\Pipeline\\Pipeline->Illuminate\\Pipeline\\{closure}(Object(Illuminate\\Http\\Request))
#9 /Applications/XAMPP/xamppfiles/htdocs/ChuyenDeWeb1/Lab2/php-docker-dev/source/TDC_Sharing/backend/vendor/laravel/framework/src/Illuminate/Pipeline/Pipeline.php(219): Illuminate\\Auth\\Middleware\\Authenticate->handle(Object(Illuminate\\Http\\Request), Object(Closure), 'sanctum')
#10 /Applications/XAMPP/xamppfiles/htdocs/ChuyenDeWeb1/Lab2/php-docker-dev/source/TDC_Sharing/backend/vendor/laravel/framework/src/Illuminate/Pipeline/Pipeline.php(137): Illuminate\\Pipeline\\Pipeline->Illuminate\\Pipeline\\{closure}(Object(Illuminate\\Http\\Request))
#11 /Applications/XAMPP/xamppfiles/htdocs/ChuyenDeWeb1/Lab2/php-docker-dev/source/TDC_Sharing/backend/vendor/laravel/framework/src/Illuminate/Routing/Router.php(821): Illuminate\\Pipeline\\Pipeline->then(Object(Closure))
#12 /Applications/XAMPP/xamppfiles/htdocs/ChuyenDeWeb1/Lab2/php-docker-dev/source/TDC_Sharing/backend/vendor/laravel/framework/src/Illuminate/Routing/Router.php(800): Illuminate\\Routing\\Router->runRouteWithinStack(Object(Illuminate\\Routing\\Route), Object(Illuminate\\Http\\Request))
#13 /Applications/XAMPP/xamppfiles/htdocs/ChuyenDeWeb1/Lab2/php-docker-dev/source/TDC_Sharing/backend/vendor/laravel/framework/src/Illuminate/Routing/Router.php(764): Illuminate\\Routing\\Router->runRoute(Object(Illuminate\\Http\\Request), Object(Illuminate\\Routing\\Route))
#14 /Applications/XAMPP/xamppfiles/htdocs/ChuyenDeWeb1/Lab2/php-docker-dev/source/TDC_Sharing/backend/vendor/laravel/framework/src/Illuminate/Routing/Router.php(753): Illuminate\\Routing\\Router->dispatchToRoute(Object(Illuminate\\Http\\Request))
#15 /Applications/XAMPP/xamppfiles/htdocs/ChuyenDeWeb1/Lab2/php-docker-dev/source/TDC_Sharing/backend/vendor/laravel/framework/src/Illuminate/Foundation/Http/Kernel.php(200): Illuminate\\Routing\\Router->dispatch(Object(Illuminate\\Http\\Request))
#16 /Applications/XAMPP/xamppfiles/htdocs/ChuyenDeWeb1/Lab2/php-docker-dev/source/TDC_Sharing/backend/vendor/laravel/framework/src/Illuminate/Pipeline/Pipeline.php(180): Illuminate\\Foundation\\Http\\Kernel->Illuminate\\Foundation\\Http\\{closure}(Object(Illuminate\\Http\\Request))
#17 /Applications/XAMPP/xamppfiles/htdocs/ChuyenDeWeb1/Lab2/php-docker-dev/source/TDC_Sharing/backend/vendor/laravel/framework/src/Illuminate/Foundation/Http/Middleware/TransformsRequest.php(21): Illuminate\\Pipeline\\Pipeline->Illuminate\\Pipeline\\{closure}(Object(Illuminate\\Http\\Request))
#18 /Applications/XAMPP/xamppfiles/htdocs/ChuyenDeWeb1/Lab2/php-docker-dev/source/TDC_Sharing/backend/vendor/laravel/framework/src/Illuminate/Foundation/Http/Middleware/ConvertEmptyStringsToNull.php(31): Illuminate\\Foundation\\Http\\Middleware\\TransformsRequest->handle(Object(Illuminate\\Http\\Request), Object(Closure))
#19 /Applications/XAMPP/xamppfiles/htdocs/ChuyenDeWeb1/Lab2/php-docker-dev/source/TDC_Sharing/backend/vendor/laravel/framework/src/Illuminate/Pipeline/Pipeline.php(219): Illuminate\\Foundation\\Http\\Middleware\\ConvertEmptyStringsToNull->handle(Object(Illuminate\\Http\\Request), Object(Closure))
#20 /Applications/XAMPP/xamppfiles/htdocs/ChuyenDeWeb1/Lab2/php-docker-dev/source/TDC_Sharing/backend/vendor/laravel/framework/src/Illuminate/Foundation/Http/Middleware/TransformsRequest.php(21): Illuminate\\Pipeline\\Pipeline->Illuminate\\Pipeline\\{closure}(Object(Illuminate\\Http\\Request))
#21 /Applications/XAMPP/xamppfiles/htdocs/ChuyenDeWeb1/Lab2/php-docker-dev/source/TDC_Sharing/backend/vendor/laravel/framework/src/Illuminate/Foundation/Http/Middleware/TrimStrings.php(51): Illuminate\\Foundation\\Http\\Middleware\\TransformsRequest->handle(Object(Illuminate\\Http\\Request), Object(Closure))
#22 /Applications/XAMPP/xamppfiles/htdocs/ChuyenDeWeb1/Lab2/php-docker-dev/source/TDC_Sharing/backend/vendor/laravel/framework/src/Illuminate/Pipeline/Pipeline.php(219): Illuminate\\Foundation\\Http\\Middleware\\TrimStrings->handle(Object(Illuminate\\Http\\Request), Object(Closure))
#23 /Applications/XAMPP/xamppfiles/htdocs/ChuyenDeWeb1/Lab2/php-docker-dev/source/TDC_Sharing/backend/vendor/laravel/framework/src/Illuminate/Http/Middleware/ValidatePostSize.php(27): Illuminate\\Pipeline\\Pipeline->Illuminate\\Pipeline\\{closure}(Object(Illuminate\\Http\\Request))
#24 /Applications/XAMPP/xamppfiles/htdocs/ChuyenDeWeb1/Lab2/php-docker-dev/source/TDC_Sharing/backend/vendor/laravel/framework/src/Illuminate/Pipeline/Pipeline.php(219): Illuminate\\Http\\Middleware\\ValidatePostSize->handle(Object(Illuminate\\Http\\Request), Object(Closure))
#25 /Applications/XAMPP/xamppfiles/htdocs/ChuyenDeWeb1/Lab2/php-docker-dev/source/TDC_Sharing/backend/vendor/laravel/framework/src/Illuminate/Foundation/Http/Middleware/PreventRequestsDuringMaintenance.php(109): Illuminate\\Pipeline\\Pipeline->Illuminate\\Pipeline\\{closure}(Object(Illuminate\\Http\\Request))
#26 /Applications/XAMPP/xamppfiles/htdocs/ChuyenDeWeb1/Lab2/php-docker-dev/source/TDC_Sharing/backend/vendor/laravel/framework/src/Illuminate/Pipeline/Pipeline.php(219): Illuminate\\Foundation\\Http\\Middleware\\PreventRequestsDuringMaintenance->handle(Object(Illuminate\\Http\\Request), Object(Closure))
#27 /Applications/XAMPP/xamppfiles/htdocs/ChuyenDeWeb1/Lab2/php-docker-dev/source/TDC_Sharing/backend/vendor/laravel/framework/src/Illuminate/Http/Middleware/HandleCors.php(61): Illuminate\\Pipeline\\Pipeline->Illuminate\\Pipeline\\{closure}(Object(Illuminate\\Http\\Request))
#28 /Applications/XAMPP/xamppfiles/htdocs/ChuyenDeWeb1/Lab2/php-docker-dev/source/TDC_Sharing/backend/vendor/laravel/framework/src/Illuminate/Pipeline/Pipeline.php(219): Illuminate\\Http\\Middleware\\HandleCors->handle(Object(Illuminate\\Http\\Request), Object(Closure))
#29 /Applications/XAMPP/xamppfiles/htdocs/ChuyenDeWeb1/Lab2/php-docker-dev/source/TDC_Sharing/backend/vendor/laravel/framework/src/Illuminate/Http/Middleware/TrustProxies.php(58): Illuminate\\Pipeline\\Pipeline->Illuminate\\Pipeline\\{closure}(Object(Illuminate\\Http\\Request))
#30 /Applications/XAMPP/xamppfiles/htdocs/ChuyenDeWeb1/Lab2/php-docker-dev/source/TDC_Sharing/backend/vendor/laravel/framework/src/Illuminate/Pipeline/Pipeline.php(219): Illuminate\\Http\\Middleware\\TrustProxies->handle(Object(Illuminate\\Http\\Request), Object(Closure))
#31 /Applications/XAMPP/xamppfiles/htdocs/ChuyenDeWeb1/Lab2/php-docker-dev/source/TDC_Sharing/backend/vendor/laravel/framework/src/Illuminate/Foundation/Http/Middleware/InvokeDeferredCallbacks.php(22): Illuminate\\Pipeline\\Pipeline->Illuminate\\Pipeline\\{closure}(Object(Illuminate\\Http\\Request))
#32 /Applications/XAMPP/xamppfiles/htdocs/ChuyenDeWeb1/Lab2/php-docker-dev/source/TDC_Sharing/backend/vendor/laravel/framework/src/Illuminate/Pipeline/Pipeline.php(219): Illuminate\\Foundation\\Http\\Middleware\\InvokeDeferredCallbacks->handle(Object(Illuminate\\Http\\Request), Object(Closure))
#33 /Applications/XAMPP/xamppfiles/htdocs/ChuyenDeWeb1/Lab2/php-docker-dev/source/TDC_Sharing/backend/vendor/laravel/framework/src/Illuminate/Http/Middleware/ValidatePathEncoding.php(26): Illuminate\\Pipeline\\Pipeline->Illuminate\\Pipeline\\{closure}(Object(Illuminate\\Http\\Request))
#34 /Applications/XAMPP/xamppfiles/htdocs/ChuyenDeWeb1/Lab2/php-docker-dev/source/TDC_Sharing/backend/vendor/laravel/framework/src/Illuminate/Pipeline/Pipeline.php(219): Illuminate\\Http\\Middleware\\ValidatePathEncoding->handle(Object(Illuminate\\Http\\Request), Object(Closure))
#35 /Applications/XAMPP/xamppfiles/htdocs/ChuyenDeWeb1/Lab2/php-docker-dev/source/TDC_Sharing/backend/vendor/laravel/framework/src/Illuminate/Pipeline/Pipeline.php(137): Illuminate\\Pipeline\\Pipeline->Illuminate\\Pipeline\\{closure}(Object(Illuminate\\Http\\Request))
#36 /Applications/XAMPP/xamppfiles/htdocs/ChuyenDeWeb1/Lab2/php-docker-dev/source/TDC_Sharing/backend/vendor/laravel/framework/src/Illuminate/Foundation/Http/Kernel.php(175): Illuminate\\Pipeline\\Pipeline->then(Object(Closure))
#37 /Applications/XAMPP/xamppfiles/htdocs/ChuyenDeWeb1/Lab2/php-docker-dev/source/TDC_Sharing/backend/vendor/laravel/framework/src/Illuminate/Foundation/Http/Kernel.php(144): Illuminate\\Foundation\\Http\\Kernel->sendRequestThroughRouter(Object(Illuminate\\Http\\Request))
#38 /Applications/XAMPP/xamppfiles/htdocs/ChuyenDeWeb1/Lab2/php-docker-dev/source/TDC_Sharing/backend/vendor/laravel/framework/src/Illuminate/Foundation/Application.php(1220): Illuminate\\Foundation\\Http\\Kernel->handle(Object(Illuminate\\Http\\Request))
#39 /Applications/XAMPP/xamppfiles/htdocs/ChuyenDeWeb1/Lab2/php-docker-dev/source/TDC_Sharing/backend/public/index.php(20): Illuminate\\Foundation\\Application->handleRequest(Object(Illuminate\\Http\\Request))
#40 /Applications/XAMPP/xamppfiles/htdocs/ChuyenDeWeb1/Lab2/php-docker-dev/source/TDC_Sharing/backend/vendor/laravel/framework/src/Illuminate/Foundation/resources/server.php(23): require_once('/Applications/X...')
#41 {main}
"} 
